[2024-06-17T10:05:16.127+0000] {taskinstance.py:1157} INFO - Dependencies all met for dep_context=non-requeueable deps ti=<TaskInstance: elt_pipeline.extract_load manual__2024-06-17T10:05:14.894296+00:00 [queued]>
[2024-06-17T10:05:16.139+0000] {taskinstance.py:1157} INFO - Dependencies all met for dep_context=requeueable deps ti=<TaskInstance: elt_pipeline.extract_load manual__2024-06-17T10:05:14.894296+00:00 [queued]>
[2024-06-17T10:05:16.140+0000] {taskinstance.py:1359} INFO - Starting attempt 1 of 2
[2024-06-17T10:05:16.158+0000] {taskinstance.py:1380} INFO - Executing <Task(PythonOperator): extract_load> on 2024-06-17 10:05:14.894296+00:00
[2024-06-17T10:05:16.170+0000] {standard_task_runner.py:57} INFO - Started process 2758 to run task
[2024-06-17T10:05:16.174+0000] {standard_task_runner.py:84} INFO - Running: ['***', 'tasks', 'run', 'elt_pipeline', 'extract_load', 'manual__2024-06-17T10:05:14.894296+00:00', '--job-id', '76', '--raw', '--subdir', 'DAGS_FOLDER/elt_pipeline_dag.py', '--cfg-path', '/tmp/tmph903l9lk']
[2024-06-17T10:05:16.178+0000] {standard_task_runner.py:85} INFO - Job 76: Subtask extract_load
[2024-06-17T10:05:16.231+0000] {task_command.py:415} INFO - Running <TaskInstance: elt_pipeline.extract_load manual__2024-06-17T10:05:14.894296+00:00 [running]> on host 52e246c9d923
[2024-06-17T10:05:16.472+0000] {taskinstance.py:1660} INFO - Exporting env vars: AIRFLOW_CTX_DAG_EMAIL='admin@localhost.com' AIRFLOW_CTX_DAG_OWNER='t.nhatnguyen' AIRFLOW_CTX_DAG_ID='elt_pipeline' AIRFLOW_CTX_TASK_ID='extract_load' AIRFLOW_CTX_EXECUTION_DATE='2024-06-17T10:05:14.894296+00:00' AIRFLOW_CTX_TRY_NUMBER='1' AIRFLOW_CTX_DAG_RUN_ID='manual__2024-06-17T10:05:14.894296+00:00'
[2024-06-17T10:05:16.475+0000] {logging_mixin.py:151} INFO - {'endpoint': 'minio:9000', 'bucket_name': 'delta', 'folder_name': 'test', 'access_key': 'minio_access_key', 'secret_key': 'minio_secret_key'}
[2024-06-17T10:05:16.483+0000] {logging_mixin.py:151} INFO - Bucket delta already exists, skip creating!
[2024-06-17T10:05:16.483+0000] {logging_mixin.py:151} INFO - Uploading data/2022/yellow_tripdata_2022-05.parquet
[2024-06-17T10:05:16.792+0000] {logging_mixin.py:151} INFO - Uploading data/2022/yellow_tripdata_2022-12.parquet
[2024-06-17T10:05:17.050+0000] {logging_mixin.py:151} INFO - Uploading data/2022/yellow_tripdata_2022-09.parquet
[2024-06-17T10:05:17.283+0000] {logging_mixin.py:151} INFO - Uploading data/2022/green_tripdata_2022-10.parquet
[2024-06-17T10:05:17.302+0000] {logging_mixin.py:151} INFO - Uploading data/2022/green_tripdata_2022-12.parquet
[2024-06-17T10:05:17.325+0000] {logging_mixin.py:151} INFO - Uploading data/2022/yellow_tripdata_2022-07.parquet
[2024-06-17T10:05:17.559+0000] {logging_mixin.py:151} INFO - Uploading data/2022/green_tripdata_2022-03.parquet
[2024-06-17T10:05:17.580+0000] {logging_mixin.py:151} INFO - Uploading data/2022/green_tripdata_2022-01.parquet
[2024-06-17T10:05:17.599+0000] {logging_mixin.py:151} INFO - Uploading data/2022/green_tripdata_2022-05.parquet
[2024-06-17T10:05:17.620+0000] {logging_mixin.py:151} INFO - Uploading data/2022/green_tripdata_2022-08.parquet
[2024-06-17T10:05:17.646+0000] {logging_mixin.py:151} INFO - Uploading data/2022/green_tripdata_2022-07.parquet
[2024-06-17T10:05:17.668+0000] {logging_mixin.py:151} INFO - Uploading data/2022/green_tripdata_2022-04.parquet
[2024-06-17T10:05:17.689+0000] {logging_mixin.py:151} INFO - Uploading data/2022/green_tripdata_2022-06.parquet
[2024-06-17T10:05:17.709+0000] {logging_mixin.py:151} INFO - Uploading data/2022/yellow_tripdata_2022-01.parquet
[2024-06-17T10:05:17.893+0000] {logging_mixin.py:151} INFO - Uploading data/2022/yellow_tripdata_2022-03.parquet
[2024-06-17T10:05:18.161+0000] {logging_mixin.py:151} INFO - Uploading data/2022/green_tripdata_2022-02.parquet
[2024-06-17T10:05:18.181+0000] {logging_mixin.py:151} INFO - Uploading data/2022/green_tripdata_2022-09.parquet
[2024-06-17T10:05:18.200+0000] {logging_mixin.py:151} INFO - Uploading data/2022/yellow_tripdata_2022-11.parquet
[2024-06-17T10:05:18.445+0000] {logging_mixin.py:151} INFO - Uploading data/2022/yellow_tripdata_2022-06.parquet
[2024-06-17T10:05:18.738+0000] {logging_mixin.py:151} INFO - Uploading data/2022/yellow_tripdata_2022-08.parquet
[2024-06-17T10:05:19.008+0000] {logging_mixin.py:151} INFO - Uploading data/2022/yellow_tripdata_2022-04.parquet
[2024-06-17T10:05:19.336+0000] {logging_mixin.py:151} INFO - Uploading data/2022/yellow_tripdata_2022-10.parquet
[2024-06-17T10:05:19.646+0000] {logging_mixin.py:151} INFO - Uploading data/2022/yellow_tripdata_2022-02.parquet
[2024-06-17T10:05:19.884+0000] {logging_mixin.py:151} INFO - Uploading data/2022/green_tripdata_2022-11.parquet
[2024-06-17T10:05:19.907+0000] {python.py:194} INFO - Done. Returned value was: None
[2024-06-17T10:05:19.919+0000] {taskinstance.py:1398} INFO - Marking task as SUCCESS. dag_id=elt_pipeline, task_id=extract_load, execution_date=20240617T100514, start_date=20240617T100516, end_date=20240617T100519
[2024-06-17T10:05:19.997+0000] {local_task_job_runner.py:228} INFO - Task exited with return code 0
[2024-06-17T10:05:20.026+0000] {taskinstance.py:2776} INFO - 1 downstream tasks scheduled from follow-on schedule check
