[2024-06-19T08:10:04.158+0000] {taskinstance.py:1157} INFO - Dependencies all met for dep_context=non-requeueable deps ti=<TaskInstance: elt_pipeline.transform manual__2024-06-19T08:10:00.649815+00:00 [queued]>
[2024-06-19T08:10:04.167+0000] {taskinstance.py:1157} INFO - Dependencies all met for dep_context=requeueable deps ti=<TaskInstance: elt_pipeline.transform manual__2024-06-19T08:10:00.649815+00:00 [queued]>
[2024-06-19T08:10:04.167+0000] {taskinstance.py:1359} INFO - Starting attempt 1 of 2
[2024-06-19T08:10:04.182+0000] {taskinstance.py:1380} INFO - Executing <Task(PythonOperator): transform> on 2024-06-19 08:10:00.649815+00:00
[2024-06-19T08:10:04.189+0000] {standard_task_runner.py:57} INFO - Started process 960 to run task
[2024-06-19T08:10:04.195+0000] {standard_task_runner.py:84} INFO - Running: ['***', 'tasks', 'run', 'elt_pipeline', 'transform', 'manual__2024-06-19T08:10:00.649815+00:00', '--job-id', '314', '--raw', '--subdir', 'DAGS_FOLDER/elt_pipeline_dag.py', '--cfg-path', '/tmp/tmpsj7ik9_b']
[2024-06-19T08:10:04.200+0000] {standard_task_runner.py:85} INFO - Job 314: Subtask transform
[2024-06-19T08:10:04.248+0000] {task_command.py:415} INFO - Running <TaskInstance: elt_pipeline.transform manual__2024-06-19T08:10:00.649815+00:00 [running]> on host 1546b00fb6e0
[2024-06-19T08:10:04.334+0000] {taskinstance.py:1660} INFO - Exporting env vars: AIRFLOW_CTX_DAG_EMAIL='admin@localhost.com' AIRFLOW_CTX_DAG_OWNER='t.nhatnguyen' AIRFLOW_CTX_DAG_ID='elt_pipeline' AIRFLOW_CTX_TASK_ID='transform' AIRFLOW_CTX_EXECUTION_DATE='2024-06-19T08:10:00.649815+00:00' AIRFLOW_CTX_TRY_NUMBER='1' AIRFLOW_CTX_DAG_RUN_ID='manual__2024-06-19T08:10:00.649815+00:00'
[2024-06-19T08:10:04.800+0000] {logging_mixin.py:151} INFO - {'endpoint': 'minio:9000', 'bucket_name': 'processed', 'folder_name': 'batch', 'access_key': 'minio_access_key', 'secret_key': 'minio_secret_key'}
[2024-06-19T08:10:05.033+0000] {logging_mixin.py:151} INFO - Reading parquet file: yellow_tripdata_2022-01.parquet
[2024-06-19T08:10:05.636+0000] {logging_mixin.py:151} INFO - Dropped column store_and_fwd_flag from file: yellow_tripdata_2022-01.parquet
[2024-06-19T08:10:13.225+0000] {logging_mixin.py:151} INFO - Merged data from file: yellow_tripdata_2022-01.parquet
[2024-06-19T08:10:13.583+0000] {logging_mixin.py:151} INFO - Transformed data from file: yellow_tripdata_2022-01.parquet
[2024-06-19T08:10:15.043+0000] {logging_mixin.py:151} INFO - Finished transforming data in file: s3://processed/batch/yellow_tripdata_2022-01.parquet
[2024-06-19T08:10:15.043+0000] {logging_mixin.py:151} INFO - ==========================================================================================
[2024-06-19T08:10:20.049+0000] {logging_mixin.py:151} INFO - Reading parquet file: yellow_tripdata_2022-03.parquet
[2024-06-19T08:10:20.592+0000] {logging_mixin.py:151} INFO - Dropped column store_and_fwd_flag from file: yellow_tripdata_2022-03.parquet
[2024-06-19T08:10:31.604+0000] {logging_mixin.py:151} INFO - Merged data from file: yellow_tripdata_2022-03.parquet
[2024-06-19T08:10:32.077+0000] {logging_mixin.py:151} INFO - Transformed data from file: yellow_tripdata_2022-03.parquet
[2024-06-19T08:10:34.545+0000] {logging_mixin.py:151} INFO - Finished transforming data in file: s3://processed/batch/yellow_tripdata_2022-03.parquet
[2024-06-19T08:10:34.545+0000] {logging_mixin.py:151} INFO - ==========================================================================================
[2024-06-19T08:10:39.549+0000] {logging_mixin.py:151} INFO - Reading parquet file: yellow_tripdata_2022-02.parquet
[2024-06-19T08:10:39.988+0000] {logging_mixin.py:151} INFO - Dropped column store_and_fwd_flag from file: yellow_tripdata_2022-02.parquet
[2024-06-19T08:10:44.338+0000] {logging_mixin.py:151} INFO - Merged data from file: yellow_tripdata_2022-02.parquet
[2024-06-19T08:10:44.709+0000] {logging_mixin.py:151} INFO - Transformed data from file: yellow_tripdata_2022-02.parquet
[2024-06-19T08:10:46.564+0000] {logging_mixin.py:151} INFO - Finished transforming data in file: s3://processed/batch/yellow_tripdata_2022-02.parquet
[2024-06-19T08:10:46.565+0000] {logging_mixin.py:151} INFO - ==========================================================================================
[2024-06-19T08:10:51.581+0000] {python.py:194} INFO - Done. Returned value was: None
[2024-06-19T08:10:51.599+0000] {taskinstance.py:1398} INFO - Marking task as SUCCESS. dag_id=elt_pipeline, task_id=transform, execution_date=20240619T081000, start_date=20240619T081004, end_date=20240619T081051
[2024-06-19T08:10:51.900+0000] {local_task_job_runner.py:228} INFO - Task exited with return code 0
[2024-06-19T08:10:51.927+0000] {taskinstance.py:2776} INFO - 0 downstream tasks scheduled from follow-on schedule check
