[2024-06-19T08:33:56.148+0000] {taskinstance.py:1157} INFO - Dependencies all met for dep_context=non-requeueable deps ti=<TaskInstance: elt_pipeline.transform manual__2024-06-19T08:33:52.893739+00:00 [queued]>
[2024-06-19T08:33:56.157+0000] {taskinstance.py:1157} INFO - Dependencies all met for dep_context=requeueable deps ti=<TaskInstance: elt_pipeline.transform manual__2024-06-19T08:33:52.893739+00:00 [queued]>
[2024-06-19T08:33:56.158+0000] {taskinstance.py:1359} INFO - Starting attempt 1 of 2
[2024-06-19T08:33:56.174+0000] {taskinstance.py:1380} INFO - Executing <Task(PythonOperator): transform> on 2024-06-19 08:33:52.893739+00:00
[2024-06-19T08:33:56.184+0000] {standard_task_runner.py:57} INFO - Started process 306 to run task
[2024-06-19T08:33:56.188+0000] {standard_task_runner.py:84} INFO - Running: ['***', 'tasks', 'run', 'elt_pipeline', 'transform', 'manual__2024-06-19T08:33:52.893739+00:00', '--job-id', '318', '--raw', '--subdir', 'DAGS_FOLDER/elt_pipeline_dag.py', '--cfg-path', '/tmp/tmpkdkb35v2']
[2024-06-19T08:33:56.190+0000] {standard_task_runner.py:85} INFO - Job 318: Subtask transform
[2024-06-19T08:33:56.244+0000] {task_command.py:415} INFO - Running <TaskInstance: elt_pipeline.transform manual__2024-06-19T08:33:52.893739+00:00 [running]> on host 675aaa59a46c
[2024-06-19T08:33:56.350+0000] {taskinstance.py:1660} INFO - Exporting env vars: AIRFLOW_CTX_DAG_EMAIL='admin@localhost.com' AIRFLOW_CTX_DAG_OWNER='t.nhatnguyen' AIRFLOW_CTX_DAG_ID='elt_pipeline' AIRFLOW_CTX_TASK_ID='transform' AIRFLOW_CTX_EXECUTION_DATE='2024-06-19T08:33:52.893739+00:00' AIRFLOW_CTX_TRY_NUMBER='1' AIRFLOW_CTX_DAG_RUN_ID='manual__2024-06-19T08:33:52.893739+00:00'
[2024-06-19T08:33:56.860+0000] {logging_mixin.py:151} INFO - Reading parquet file: yellow_tripdata_2022-01.parquet
[2024-06-19T08:33:57.605+0000] {logging_mixin.py:151} INFO - Dropped column store_and_fwd_flag from file: yellow_tripdata_2022-01.parquet
[2024-06-19T08:34:03.441+0000] {logging_mixin.py:151} INFO - Merged data from file: yellow_tripdata_2022-01.parquet
[2024-06-19T08:34:03.845+0000] {logging_mixin.py:151} INFO - Transformed data from file: yellow_tripdata_2022-01.parquet
[2024-06-19T08:34:05.133+0000] {logging_mixin.py:151} INFO - Finished transforming data in file: s3://processed/batch/yellow_tripdata_2022-01.parquet
[2024-06-19T08:34:05.133+0000] {logging_mixin.py:151} INFO - ==========================================================================================
[2024-06-19T08:34:10.137+0000] {logging_mixin.py:151} INFO - Reading parquet file: yellow_tripdata_2022-03.parquet
[2024-06-19T08:34:10.600+0000] {logging_mixin.py:151} INFO - Dropped column store_and_fwd_flag from file: yellow_tripdata_2022-03.parquet
[2024-06-19T08:34:17.166+0000] {logging_mixin.py:151} INFO - Merged data from file: yellow_tripdata_2022-03.parquet
[2024-06-19T08:34:17.596+0000] {logging_mixin.py:151} INFO - Transformed data from file: yellow_tripdata_2022-03.parquet
[2024-06-19T08:34:19.828+0000] {logging_mixin.py:151} INFO - Finished transforming data in file: s3://processed/batch/yellow_tripdata_2022-03.parquet
[2024-06-19T08:34:19.829+0000] {logging_mixin.py:151} INFO - ==========================================================================================
[2024-06-19T08:34:24.833+0000] {logging_mixin.py:151} INFO - Reading parquet file: yellow_tripdata_2022-02.parquet
[2024-06-19T08:34:25.247+0000] {logging_mixin.py:151} INFO - Dropped column store_and_fwd_flag from file: yellow_tripdata_2022-02.parquet
[2024-06-19T08:34:28.654+0000] {logging_mixin.py:151} INFO - Merged data from file: yellow_tripdata_2022-02.parquet
[2024-06-19T08:34:28.997+0000] {logging_mixin.py:151} INFO - Transformed data from file: yellow_tripdata_2022-02.parquet
[2024-06-19T08:34:30.555+0000] {logging_mixin.py:151} INFO - Finished transforming data in file: s3://processed/batch/yellow_tripdata_2022-02.parquet
[2024-06-19T08:34:30.555+0000] {logging_mixin.py:151} INFO - ==========================================================================================
[2024-06-19T08:34:35.574+0000] {python.py:194} INFO - Done. Returned value was: None
[2024-06-19T08:34:35.585+0000] {taskinstance.py:1398} INFO - Marking task as SUCCESS. dag_id=elt_pipeline, task_id=transform, execution_date=20240619T083352, start_date=20240619T083356, end_date=20240619T083435
[2024-06-19T08:34:35.844+0000] {local_task_job_runner.py:228} INFO - Task exited with return code 0
[2024-06-19T08:34:35.866+0000] {taskinstance.py:2776} INFO - 0 downstream tasks scheduled from follow-on schedule check
