[2024-06-17T17:46:02.643+0000] {taskinstance.py:1157} INFO - Dependencies all met for dep_context=non-requeueable deps ti=<TaskInstance: elt_pipeline.transform manual__2024-06-17T17:45:55.027665+00:00 [queued]>
[2024-06-17T17:46:02.651+0000] {taskinstance.py:1157} INFO - Dependencies all met for dep_context=requeueable deps ti=<TaskInstance: elt_pipeline.transform manual__2024-06-17T17:45:55.027665+00:00 [queued]>
[2024-06-17T17:46:02.652+0000] {taskinstance.py:1359} INFO - Starting attempt 1 of 2
[2024-06-17T17:46:02.664+0000] {taskinstance.py:1380} INFO - Executing <Task(PythonOperator): transform> on 2024-06-17 17:45:55.027665+00:00
[2024-06-17T17:46:02.671+0000] {standard_task_runner.py:57} INFO - Started process 908 to run task
[2024-06-17T17:46:02.678+0000] {standard_task_runner.py:84} INFO - Running: ['***', 'tasks', 'run', 'elt_pipeline', 'transform', 'manual__2024-06-17T17:45:55.027665+00:00', '--job-id', '267', '--raw', '--subdir', 'DAGS_FOLDER/elt_pipeline_dag.py', '--cfg-path', '/tmp/tmpuc53rk4l']
[2024-06-17T17:46:02.683+0000] {standard_task_runner.py:85} INFO - Job 267: Subtask transform
[2024-06-17T17:46:02.753+0000] {task_command.py:415} INFO - Running <TaskInstance: elt_pipeline.transform manual__2024-06-17T17:45:55.027665+00:00 [running]> on host bf1afdb2f840
[2024-06-17T17:46:02.987+0000] {taskinstance.py:1660} INFO - Exporting env vars: AIRFLOW_CTX_DAG_EMAIL='admin@localhost.com' AIRFLOW_CTX_DAG_OWNER='t.nhatnguyen' AIRFLOW_CTX_DAG_ID='elt_pipeline' AIRFLOW_CTX_TASK_ID='transform' AIRFLOW_CTX_EXECUTION_DATE='2024-06-17T17:45:55.027665+00:00' AIRFLOW_CTX_TRY_NUMBER='1' AIRFLOW_CTX_DAG_RUN_ID='manual__2024-06-17T17:45:55.027665+00:00'
[2024-06-17T17:46:03.050+0000] {logging_mixin.py:151} INFO - {'endpoint': 'minio:9000', 'bucket_name': 'delta', 'folder_name': 'test', 'access_key': 'minio_access_key', 'secret_key': 'minio_secret_key'}
[2024-06-17T17:46:03.118+0000] {logging_mixin.py:151} INFO - Reading parquet file: /opt/***/data/2022/yellow_tripdata_2022-05.parquet
[2024-06-17T17:46:04.028+0000] {logging_mixin.py:151} INFO - Dropped column store_and_fwd_flag from file: /opt/***/data/2022/yellow_tripdata_2022-05.parquet
[2024-06-17T17:46:10.538+0000] {logging_mixin.py:151} INFO - Merged data from file: /opt/***/data/2022/yellow_tripdata_2022-05.parquet
[2024-06-17T17:46:10.925+0000] {logging_mixin.py:151} INFO - Transformed data from file: /opt/***/data/2022/yellow_tripdata_2022-05.parquet
[2024-06-17T17:46:12.959+0000] {logging_mixin.py:151} INFO - Finished transforming data in file: /opt/***/data/2022/yellow_tripdata_2022-05.parquet
[2024-06-17T17:46:12.959+0000] {logging_mixin.py:151} INFO - ==========================================================================================
[2024-06-17T17:46:17.961+0000] {logging_mixin.py:151} INFO - Reading parquet file: /opt/***/data/2022/yellow_tripdata_2022-12.parquet
[2024-06-17T17:46:18.447+0000] {logging_mixin.py:151} INFO - Dropped column store_and_fwd_flag from file: /opt/***/data/2022/yellow_tripdata_2022-12.parquet
[2024-06-17T17:46:23.994+0000] {logging_mixin.py:151} INFO - Merged data from file: /opt/***/data/2022/yellow_tripdata_2022-12.parquet
[2024-06-17T17:46:24.353+0000] {logging_mixin.py:151} INFO - Transformed data from file: /opt/***/data/2022/yellow_tripdata_2022-12.parquet
[2024-06-17T17:46:26.302+0000] {logging_mixin.py:151} INFO - Finished transforming data in file: /opt/***/data/2022/yellow_tripdata_2022-12.parquet
[2024-06-17T17:46:26.303+0000] {logging_mixin.py:151} INFO - ==========================================================================================
[2024-06-17T17:46:31.305+0000] {logging_mixin.py:151} INFO - Reading parquet file: /opt/***/data/2022/yellow_tripdata_2022-09.parquet
[2024-06-17T17:46:31.757+0000] {logging_mixin.py:151} INFO - Dropped column store_and_fwd_flag from file: /opt/***/data/2022/yellow_tripdata_2022-09.parquet
[2024-06-17T17:46:36.568+0000] {logging_mixin.py:151} INFO - Merged data from file: /opt/***/data/2022/yellow_tripdata_2022-09.parquet
[2024-06-17T17:46:36.910+0000] {logging_mixin.py:151} INFO - Transformed data from file: /opt/***/data/2022/yellow_tripdata_2022-09.parquet
[2024-06-17T17:46:38.851+0000] {logging_mixin.py:151} INFO - Finished transforming data in file: /opt/***/data/2022/yellow_tripdata_2022-09.parquet
[2024-06-17T17:46:38.852+0000] {logging_mixin.py:151} INFO - ==========================================================================================
[2024-06-17T17:46:43.857+0000] {logging_mixin.py:151} INFO - Reading parquet file: /opt/***/data/2022/green_tripdata_2022-10.parquet
[2024-06-17T17:46:43.935+0000] {logging_mixin.py:151} INFO - Dropped column store_and_fwd_flag from file: /opt/***/data/2022/green_tripdata_2022-10.parquet
[2024-06-17T17:46:44.020+0000] {logging_mixin.py:151} INFO - Merged data from file: /opt/***/data/2022/green_tripdata_2022-10.parquet
[2024-06-17T17:46:44.023+0000] {logging_mixin.py:151} INFO - Transformed data from file: /opt/***/data/2022/green_tripdata_2022-10.parquet
[2024-06-17T17:46:44.050+0000] {logging_mixin.py:151} INFO - Finished transforming data in file: /opt/***/data/2022/green_tripdata_2022-10.parquet
[2024-06-17T17:46:44.050+0000] {logging_mixin.py:151} INFO - ==========================================================================================
[2024-06-17T17:46:49.053+0000] {logging_mixin.py:151} INFO - Reading parquet file: /opt/***/data/2022/green_tripdata_2022-12.parquet
[2024-06-17T17:46:49.077+0000] {logging_mixin.py:151} INFO - Dropped column store_and_fwd_flag from file: /opt/***/data/2022/green_tripdata_2022-12.parquet
[2024-06-17T17:46:49.136+0000] {logging_mixin.py:151} INFO - Merged data from file: /opt/***/data/2022/green_tripdata_2022-12.parquet
[2024-06-17T17:46:49.139+0000] {logging_mixin.py:151} INFO - Transformed data from file: /opt/***/data/2022/green_tripdata_2022-12.parquet
[2024-06-17T17:46:49.151+0000] {logging_mixin.py:151} INFO - Finished transforming data in file: /opt/***/data/2022/green_tripdata_2022-12.parquet
[2024-06-17T17:46:49.151+0000] {logging_mixin.py:151} INFO - ==========================================================================================
[2024-06-17T17:46:54.157+0000] {logging_mixin.py:151} INFO - Reading parquet file: /opt/***/data/2022/yellow_tripdata_2022-07.parquet
[2024-06-17T17:46:54.587+0000] {logging_mixin.py:151} INFO - Dropped column store_and_fwd_flag from file: /opt/***/data/2022/yellow_tripdata_2022-07.parquet
[2024-06-17T17:47:00.941+0000] {logging_mixin.py:151} INFO - Merged data from file: /opt/***/data/2022/yellow_tripdata_2022-07.parquet
[2024-06-17T17:47:01.213+0000] {logging_mixin.py:151} INFO - Transformed data from file: /opt/***/data/2022/yellow_tripdata_2022-07.parquet
[2024-06-17T17:47:03.471+0000] {logging_mixin.py:151} INFO - Finished transforming data in file: /opt/***/data/2022/yellow_tripdata_2022-07.parquet
[2024-06-17T17:47:03.471+0000] {logging_mixin.py:151} INFO - ==========================================================================================
[2024-06-17T17:47:08.473+0000] {logging_mixin.py:151} INFO - Reading parquet file: /opt/***/data/2022/green_tripdata_2022-03.parquet
[2024-06-17T17:47:08.542+0000] {logging_mixin.py:151} INFO - Dropped column store_and_fwd_flag from file: /opt/***/data/2022/green_tripdata_2022-03.parquet
[2024-06-17T17:47:08.624+0000] {logging_mixin.py:151} INFO - Merged data from file: /opt/***/data/2022/green_tripdata_2022-03.parquet
[2024-06-17T17:47:08.629+0000] {logging_mixin.py:151} INFO - Transformed data from file: /opt/***/data/2022/green_tripdata_2022-03.parquet
[2024-06-17T17:47:08.640+0000] {logging_mixin.py:151} INFO - Finished transforming data in file: /opt/***/data/2022/green_tripdata_2022-03.parquet
[2024-06-17T17:47:08.641+0000] {logging_mixin.py:151} INFO - ==========================================================================================
[2024-06-17T17:47:13.645+0000] {logging_mixin.py:151} INFO - Reading parquet file: /opt/***/data/2022/green_tripdata_2022-01.parquet
[2024-06-17T17:47:13.667+0000] {logging_mixin.py:151} INFO - Dropped column store_and_fwd_flag from file: /opt/***/data/2022/green_tripdata_2022-01.parquet
[2024-06-17T17:47:13.734+0000] {logging_mixin.py:151} INFO - Merged data from file: /opt/***/data/2022/green_tripdata_2022-01.parquet
[2024-06-17T17:47:13.736+0000] {logging_mixin.py:151} INFO - Transformed data from file: /opt/***/data/2022/green_tripdata_2022-01.parquet
[2024-06-17T17:47:13.748+0000] {logging_mixin.py:151} INFO - Finished transforming data in file: /opt/***/data/2022/green_tripdata_2022-01.parquet
[2024-06-17T17:47:13.748+0000] {logging_mixin.py:151} INFO - ==========================================================================================
[2024-06-17T17:47:18.753+0000] {logging_mixin.py:151} INFO - Reading parquet file: /opt/***/data/2022/green_tripdata_2022-05.parquet
[2024-06-17T17:47:18.774+0000] {logging_mixin.py:151} INFO - Dropped column store_and_fwd_flag from file: /opt/***/data/2022/green_tripdata_2022-05.parquet
[2024-06-17T17:47:18.835+0000] {logging_mixin.py:151} INFO - Merged data from file: /opt/***/data/2022/green_tripdata_2022-05.parquet
[2024-06-17T17:47:18.838+0000] {logging_mixin.py:151} INFO - Transformed data from file: /opt/***/data/2022/green_tripdata_2022-05.parquet
[2024-06-17T17:47:18.847+0000] {logging_mixin.py:151} INFO - Finished transforming data in file: /opt/***/data/2022/green_tripdata_2022-05.parquet
[2024-06-17T17:47:18.848+0000] {logging_mixin.py:151} INFO - ==========================================================================================
[2024-06-17T17:47:23.849+0000] {logging_mixin.py:151} INFO - Reading parquet file: /opt/***/data/2022/green_tripdata_2022-08.parquet
[2024-06-17T17:47:23.871+0000] {logging_mixin.py:151} INFO - Dropped column store_and_fwd_flag from file: /opt/***/data/2022/green_tripdata_2022-08.parquet
[2024-06-17T17:47:23.952+0000] {logging_mixin.py:151} INFO - Merged data from file: /opt/***/data/2022/green_tripdata_2022-08.parquet
[2024-06-17T17:47:23.955+0000] {logging_mixin.py:151} INFO - Transformed data from file: /opt/***/data/2022/green_tripdata_2022-08.parquet
[2024-06-17T17:47:23.968+0000] {logging_mixin.py:151} INFO - Finished transforming data in file: /opt/***/data/2022/green_tripdata_2022-08.parquet
[2024-06-17T17:47:23.968+0000] {logging_mixin.py:151} INFO - ==========================================================================================
[2024-06-17T17:47:28.969+0000] {logging_mixin.py:151} INFO - Reading parquet file: /opt/***/data/2022/green_tripdata_2022-07.parquet
[2024-06-17T17:47:28.989+0000] {logging_mixin.py:151} INFO - Dropped column store_and_fwd_flag from file: /opt/***/data/2022/green_tripdata_2022-07.parquet
[2024-06-17T17:47:29.062+0000] {logging_mixin.py:151} INFO - Merged data from file: /opt/***/data/2022/green_tripdata_2022-07.parquet
[2024-06-17T17:47:29.066+0000] {logging_mixin.py:151} INFO - Transformed data from file: /opt/***/data/2022/green_tripdata_2022-07.parquet
[2024-06-17T17:47:29.077+0000] {logging_mixin.py:151} INFO - Finished transforming data in file: /opt/***/data/2022/green_tripdata_2022-07.parquet
[2024-06-17T17:47:29.077+0000] {logging_mixin.py:151} INFO - ==========================================================================================
[2024-06-17T17:47:34.081+0000] {logging_mixin.py:151} INFO - Reading parquet file: /opt/***/data/2022/green_tripdata_2022-04.parquet
[2024-06-17T17:47:34.112+0000] {logging_mixin.py:151} INFO - Dropped column store_and_fwd_flag from file: /opt/***/data/2022/green_tripdata_2022-04.parquet
[2024-06-17T17:47:34.190+0000] {logging_mixin.py:151} INFO - Merged data from file: /opt/***/data/2022/green_tripdata_2022-04.parquet
[2024-06-17T17:47:34.192+0000] {logging_mixin.py:151} INFO - Transformed data from file: /opt/***/data/2022/green_tripdata_2022-04.parquet
[2024-06-17T17:47:34.203+0000] {logging_mixin.py:151} INFO - Finished transforming data in file: /opt/***/data/2022/green_tripdata_2022-04.parquet
[2024-06-17T17:47:34.204+0000] {logging_mixin.py:151} INFO - ==========================================================================================
[2024-06-17T17:47:39.209+0000] {logging_mixin.py:151} INFO - Reading parquet file: /opt/***/data/2022/green_tripdata_2022-06.parquet
[2024-06-17T17:47:39.235+0000] {logging_mixin.py:151} INFO - Dropped column store_and_fwd_flag from file: /opt/***/data/2022/green_tripdata_2022-06.parquet
[2024-06-17T17:47:39.314+0000] {logging_mixin.py:151} INFO - Merged data from file: /opt/***/data/2022/green_tripdata_2022-06.parquet
[2024-06-17T17:47:39.316+0000] {logging_mixin.py:151} INFO - Transformed data from file: /opt/***/data/2022/green_tripdata_2022-06.parquet
[2024-06-17T17:47:39.327+0000] {logging_mixin.py:151} INFO - Finished transforming data in file: /opt/***/data/2022/green_tripdata_2022-06.parquet
[2024-06-17T17:47:39.328+0000] {logging_mixin.py:151} INFO - ==========================================================================================
[2024-06-17T17:47:44.332+0000] {logging_mixin.py:151} INFO - Reading parquet file: /opt/***/data/2022/yellow_tripdata_2022-01.parquet
[2024-06-17T17:47:44.637+0000] {logging_mixin.py:151} INFO - Dropped column store_and_fwd_flag from file: /opt/***/data/2022/yellow_tripdata_2022-01.parquet
[2024-06-17T17:49:52.092+0000] {local_task_job_runner.py:228} INFO - Task exited with return code -9
[2024-06-17T17:49:52.117+0000] {taskinstance.py:2776} INFO - 0 downstream tasks scheduled from follow-on schedule check
