[2024-06-17T17:55:04.176+0000] {taskinstance.py:1157} INFO - Dependencies all met for dep_context=non-requeueable deps ti=<TaskInstance: elt_pipeline.transform manual__2024-06-17T17:45:55.027665+00:00 [queued]>
[2024-06-17T17:55:04.191+0000] {taskinstance.py:1157} INFO - Dependencies all met for dep_context=requeueable deps ti=<TaskInstance: elt_pipeline.transform manual__2024-06-17T17:45:55.027665+00:00 [queued]>
[2024-06-17T17:55:04.192+0000] {taskinstance.py:1359} INFO - Starting attempt 2 of 2
[2024-06-17T17:55:04.212+0000] {taskinstance.py:1380} INFO - Executing <Task(PythonOperator): transform> on 2024-06-17 17:45:55.027665+00:00
[2024-06-17T17:55:04.225+0000] {standard_task_runner.py:57} INFO - Started process 1200 to run task
[2024-06-17T17:55:04.228+0000] {standard_task_runner.py:84} INFO - Running: ['***', 'tasks', 'run', 'elt_pipeline', 'transform', 'manual__2024-06-17T17:45:55.027665+00:00', '--job-id', '269', '--raw', '--subdir', 'DAGS_FOLDER/elt_pipeline_dag.py', '--cfg-path', '/tmp/tmplc40ubg0']
[2024-06-17T17:55:04.231+0000] {standard_task_runner.py:85} INFO - Job 269: Subtask transform
[2024-06-17T17:55:04.277+0000] {task_command.py:415} INFO - Running <TaskInstance: elt_pipeline.transform manual__2024-06-17T17:45:55.027665+00:00 [running]> on host bf1afdb2f840
[2024-06-17T17:55:04.531+0000] {taskinstance.py:1660} INFO - Exporting env vars: AIRFLOW_CTX_DAG_EMAIL='admin@localhost.com' AIRFLOW_CTX_DAG_OWNER='t.nhatnguyen' AIRFLOW_CTX_DAG_ID='elt_pipeline' AIRFLOW_CTX_TASK_ID='transform' AIRFLOW_CTX_EXECUTION_DATE='2024-06-17T17:45:55.027665+00:00' AIRFLOW_CTX_TRY_NUMBER='2' AIRFLOW_CTX_DAG_RUN_ID='manual__2024-06-17T17:45:55.027665+00:00'
[2024-06-17T17:55:04.653+0000] {logging_mixin.py:151} INFO - {'endpoint': 'minio:9000', 'bucket_name': 'delta', 'folder_name': 'test', 'access_key': 'minio_access_key', 'secret_key': 'minio_secret_key'}
[2024-06-17T17:55:04.872+0000] {logging_mixin.py:151} INFO - Reading parquet file: /opt/***/data/2022/yellow_tripdata_2022-05.parquet
[2024-06-17T17:55:05.499+0000] {logging_mixin.py:151} INFO - Dropped column store_and_fwd_flag from file: /opt/***/data/2022/yellow_tripdata_2022-05.parquet
[2024-06-17T17:55:12.222+0000] {logging_mixin.py:151} INFO - Merged data from file: /opt/***/data/2022/yellow_tripdata_2022-05.parquet
[2024-06-17T17:55:12.622+0000] {logging_mixin.py:151} INFO - Transformed data from file: /opt/***/data/2022/yellow_tripdata_2022-05.parquet
[2024-06-17T17:55:14.704+0000] {logging_mixin.py:151} INFO - Finished transforming data in file: /opt/***/data/2022/yellow_tripdata_2022-05.parquet
[2024-06-17T17:55:14.705+0000] {logging_mixin.py:151} INFO - ==========================================================================================
[2024-06-17T17:55:19.709+0000] {logging_mixin.py:151} INFO - Reading parquet file: /opt/***/data/2022/yellow_tripdata_2022-12.parquet
[2024-06-17T17:55:20.277+0000] {logging_mixin.py:151} INFO - Dropped column store_and_fwd_flag from file: /opt/***/data/2022/yellow_tripdata_2022-12.parquet
[2024-06-17T17:55:27.154+0000] {logging_mixin.py:151} INFO - Merged data from file: /opt/***/data/2022/yellow_tripdata_2022-12.parquet
[2024-06-17T17:55:27.447+0000] {logging_mixin.py:151} INFO - Transformed data from file: /opt/***/data/2022/yellow_tripdata_2022-12.parquet
[2024-06-17T17:55:29.552+0000] {logging_mixin.py:151} INFO - Finished transforming data in file: /opt/***/data/2022/yellow_tripdata_2022-12.parquet
[2024-06-17T17:55:29.553+0000] {logging_mixin.py:151} INFO - ==========================================================================================
[2024-06-17T17:55:34.557+0000] {logging_mixin.py:151} INFO - Reading parquet file: /opt/***/data/2022/yellow_tripdata_2022-09.parquet
[2024-06-17T17:55:35.312+0000] {logging_mixin.py:151} INFO - Dropped column store_and_fwd_flag from file: /opt/***/data/2022/yellow_tripdata_2022-09.parquet
[2024-06-17T17:55:41.953+0000] {logging_mixin.py:151} INFO - Merged data from file: /opt/***/data/2022/yellow_tripdata_2022-09.parquet
[2024-06-17T17:55:42.387+0000] {logging_mixin.py:151} INFO - Transformed data from file: /opt/***/data/2022/yellow_tripdata_2022-09.parquet
