[2024-06-18T09:29:33.835+0000] {taskinstance.py:1157} INFO - Dependencies all met for dep_context=non-requeueable deps ti=<TaskInstance: elt_pipeline.transform manual__2024-06-18T09:29:30.295291+00:00 [queued]>
[2024-06-18T09:29:33.843+0000] {taskinstance.py:1157} INFO - Dependencies all met for dep_context=requeueable deps ti=<TaskInstance: elt_pipeline.transform manual__2024-06-18T09:29:30.295291+00:00 [queued]>
[2024-06-18T09:29:33.843+0000] {taskinstance.py:1359} INFO - Starting attempt 1 of 2
[2024-06-18T09:29:33.854+0000] {taskinstance.py:1380} INFO - Executing <Task(PythonOperator): transform> on 2024-06-18 09:29:30.295291+00:00
[2024-06-18T09:29:33.861+0000] {standard_task_runner.py:57} INFO - Started process 1697 to run task
[2024-06-18T09:29:33.865+0000] {standard_task_runner.py:84} INFO - Running: ['***', 'tasks', 'run', 'elt_pipeline', 'transform', 'manual__2024-06-18T09:29:30.295291+00:00', '--job-id', '279', '--raw', '--subdir', 'DAGS_FOLDER/elt_pipeline_dag.py', '--cfg-path', '/tmp/tmp9dsai040']
[2024-06-18T09:29:33.867+0000] {standard_task_runner.py:85} INFO - Job 279: Subtask transform
[2024-06-18T09:29:33.907+0000] {task_command.py:415} INFO - Running <TaskInstance: elt_pipeline.transform manual__2024-06-18T09:29:30.295291+00:00 [running]> on host 5212e4a0c6a3
[2024-06-18T09:29:34.150+0000] {taskinstance.py:1660} INFO - Exporting env vars: AIRFLOW_CTX_DAG_EMAIL='admin@localhost.com' AIRFLOW_CTX_DAG_OWNER='t.nhatnguyen' AIRFLOW_CTX_DAG_ID='elt_pipeline' AIRFLOW_CTX_TASK_ID='transform' AIRFLOW_CTX_EXECUTION_DATE='2024-06-18T09:29:30.295291+00:00' AIRFLOW_CTX_TRY_NUMBER='1' AIRFLOW_CTX_DAG_RUN_ID='manual__2024-06-18T09:29:30.295291+00:00'
[2024-06-18T09:29:34.244+0000] {logging_mixin.py:151} INFO - {'endpoint': 'minio:9000', 'bucket_name': 'processed', 'folder_name': 'batch', 'access_key': 'minio_access_key', 'secret_key': 'minio_secret_key'}
[2024-06-18T09:29:34.377+0000] {logging_mixin.py:151} INFO - Reading parquet file: yellow_tripdata_2022-01.parquet
[2024-06-18T09:29:34.660+0000] {logging_mixin.py:151} INFO - Dropped column store_and_fwd_flag from file: yellow_tripdata_2022-01.parquet
[2024-06-18T09:29:39.367+0000] {logging_mixin.py:151} INFO - Merged data from file: yellow_tripdata_2022-01.parquet
[2024-06-18T09:29:39.766+0000] {logging_mixin.py:151} INFO - Transformed data from file: yellow_tripdata_2022-01.parquet
[2024-06-18T09:29:41.060+0000] {logging_mixin.py:151} INFO - Finished transforming data in file: s3://processed/batch/yellow_tripdata_2022-01.parquet
[2024-06-18T09:29:41.061+0000] {logging_mixin.py:151} INFO - ==========================================================================================
[2024-06-18T09:29:46.066+0000] {logging_mixin.py:151} INFO - Reading parquet file: yellow_tripdata_2022-03.parquet
[2024-06-18T09:29:46.492+0000] {logging_mixin.py:151} INFO - Dropped column store_and_fwd_flag from file: yellow_tripdata_2022-03.parquet
[2024-06-18T09:29:54.598+0000] {logging_mixin.py:151} INFO - Merged data from file: yellow_tripdata_2022-03.parquet
[2024-06-18T09:29:55.063+0000] {logging_mixin.py:151} INFO - Transformed data from file: yellow_tripdata_2022-03.parquet
[2024-06-18T09:29:57.093+0000] {logging_mixin.py:151} INFO - Finished transforming data in file: s3://processed/batch/yellow_tripdata_2022-03.parquet
[2024-06-18T09:29:57.093+0000] {logging_mixin.py:151} INFO - ==========================================================================================
[2024-06-18T09:30:02.099+0000] {logging_mixin.py:151} INFO - Reading parquet file: yellow_tripdata_2022-02.parquet
[2024-06-18T09:30:02.590+0000] {logging_mixin.py:151} INFO - Dropped column store_and_fwd_flag from file: yellow_tripdata_2022-02.parquet
[2024-06-18T09:30:06.124+0000] {logging_mixin.py:151} INFO - Merged data from file: yellow_tripdata_2022-02.parquet
[2024-06-18T09:30:06.490+0000] {logging_mixin.py:151} INFO - Transformed data from file: yellow_tripdata_2022-02.parquet
[2024-06-18T09:30:08.090+0000] {logging_mixin.py:151} INFO - Finished transforming data in file: s3://processed/batch/yellow_tripdata_2022-02.parquet
[2024-06-18T09:30:08.090+0000] {logging_mixin.py:151} INFO - ==========================================================================================
[2024-06-18T09:30:13.100+0000] {python.py:194} INFO - Done. Returned value was: None
[2024-06-18T09:30:13.116+0000] {taskinstance.py:1398} INFO - Marking task as SUCCESS. dag_id=elt_pipeline, task_id=transform, execution_date=20240618T092930, start_date=20240618T092933, end_date=20240618T093013
[2024-06-18T09:30:13.359+0000] {local_task_job_runner.py:228} INFO - Task exited with return code 0
[2024-06-18T09:30:13.384+0000] {taskinstance.py:2776} INFO - 0 downstream tasks scheduled from follow-on schedule check
