[2024-06-21T03:44:09.102+0000] {processor.py:157} INFO - Started process (PID=46) to work on /opt/airflow/dags/scripts/elt_pipeline.py
[2024-06-21T03:44:09.104+0000] {processor.py:829} INFO - Processing file /opt/airflow/dags/scripts/elt_pipeline.py for tasks to queue
[2024-06-21T03:44:09.107+0000] {logging_mixin.py:151} INFO - [2024-06-21T03:44:09.107+0000] {dagbag.py:539} INFO - Filling up the DagBag from /opt/airflow/dags/scripts/elt_pipeline.py
[2024-06-21T03:44:09.388+0000] {processor.py:841} WARNING - No viable dags retrieved from /opt/airflow/dags/scripts/elt_pipeline.py
[2024-06-21T03:44:09.402+0000] {processor.py:179} INFO - Processing /opt/airflow/dags/scripts/elt_pipeline.py took 0.303 seconds
[2024-06-21T03:44:39.960+0000] {processor.py:157} INFO - Started process (PID=65) to work on /opt/airflow/dags/scripts/elt_pipeline.py
[2024-06-21T03:44:39.962+0000] {processor.py:829} INFO - Processing file /opt/airflow/dags/scripts/elt_pipeline.py for tasks to queue
[2024-06-21T03:44:39.963+0000] {logging_mixin.py:151} INFO - [2024-06-21T03:44:39.963+0000] {dagbag.py:539} INFO - Filling up the DagBag from /opt/airflow/dags/scripts/elt_pipeline.py
[2024-06-21T03:44:40.451+0000] {processor.py:841} WARNING - No viable dags retrieved from /opt/airflow/dags/scripts/elt_pipeline.py
[2024-06-21T03:44:40.462+0000] {processor.py:179} INFO - Processing /opt/airflow/dags/scripts/elt_pipeline.py took 0.505 seconds
[2024-06-21T03:45:14.754+0000] {processor.py:157} INFO - Started process (PID=88) to work on /opt/airflow/dags/scripts/elt_pipeline.py
[2024-06-21T03:45:14.757+0000] {processor.py:829} INFO - Processing file /opt/airflow/dags/scripts/elt_pipeline.py for tasks to queue
[2024-06-21T03:45:14.760+0000] {logging_mixin.py:151} INFO - [2024-06-21T03:45:14.760+0000] {dagbag.py:539} INFO - Filling up the DagBag from /opt/airflow/dags/scripts/elt_pipeline.py
[2024-06-21T03:45:15.528+0000] {processor.py:841} WARNING - No viable dags retrieved from /opt/airflow/dags/scripts/elt_pipeline.py
[2024-06-21T03:45:15.541+0000] {processor.py:179} INFO - Processing /opt/airflow/dags/scripts/elt_pipeline.py took 0.792 seconds
[2024-06-21T03:46:01.996+0000] {processor.py:157} INFO - Started process (PID=106) to work on /opt/airflow/dags/scripts/elt_pipeline.py
[2024-06-21T03:46:01.998+0000] {processor.py:829} INFO - Processing file /opt/airflow/dags/scripts/elt_pipeline.py for tasks to queue
[2024-06-21T03:46:01.999+0000] {logging_mixin.py:151} INFO - [2024-06-21T03:46:01.999+0000] {dagbag.py:539} INFO - Filling up the DagBag from /opt/airflow/dags/scripts/elt_pipeline.py
[2024-06-21T03:46:03.602+0000] {processor.py:841} WARNING - No viable dags retrieved from /opt/airflow/dags/scripts/elt_pipeline.py
[2024-06-21T03:46:03.621+0000] {processor.py:179} INFO - Processing /opt/airflow/dags/scripts/elt_pipeline.py took 1.628 seconds
[2024-06-21T03:46:50.067+0000] {processor.py:157} INFO - Started process (PID=134) to work on /opt/airflow/dags/scripts/elt_pipeline.py
[2024-06-21T03:46:50.069+0000] {processor.py:829} INFO - Processing file /opt/airflow/dags/scripts/elt_pipeline.py for tasks to queue
[2024-06-21T03:46:50.071+0000] {logging_mixin.py:151} INFO - [2024-06-21T03:46:50.070+0000] {dagbag.py:539} INFO - Filling up the DagBag from /opt/airflow/dags/scripts/elt_pipeline.py
[2024-06-21T03:46:50.491+0000] {processor.py:841} WARNING - No viable dags retrieved from /opt/airflow/dags/scripts/elt_pipeline.py
[2024-06-21T03:46:50.501+0000] {processor.py:179} INFO - Processing /opt/airflow/dags/scripts/elt_pipeline.py took 0.438 seconds
[2024-06-21T03:47:35.692+0000] {processor.py:157} INFO - Started process (PID=151) to work on /opt/airflow/dags/scripts/elt_pipeline.py
[2024-06-21T03:47:35.703+0000] {processor.py:829} INFO - Processing file /opt/airflow/dags/scripts/elt_pipeline.py for tasks to queue
[2024-06-21T03:47:35.705+0000] {logging_mixin.py:151} INFO - [2024-06-21T03:47:35.705+0000] {dagbag.py:539} INFO - Filling up the DagBag from /opt/airflow/dags/scripts/elt_pipeline.py
[2024-06-21T03:47:36.093+0000] {processor.py:841} WARNING - No viable dags retrieved from /opt/airflow/dags/scripts/elt_pipeline.py
[2024-06-21T03:47:36.105+0000] {processor.py:179} INFO - Processing /opt/airflow/dags/scripts/elt_pipeline.py took 0.417 seconds
[2024-06-21T03:48:07.058+0000] {processor.py:157} INFO - Started process (PID=167) to work on /opt/airflow/dags/scripts/elt_pipeline.py
[2024-06-21T03:48:07.063+0000] {processor.py:829} INFO - Processing file /opt/airflow/dags/scripts/elt_pipeline.py for tasks to queue
[2024-06-21T03:48:07.065+0000] {logging_mixin.py:151} INFO - [2024-06-21T03:48:07.065+0000] {dagbag.py:539} INFO - Filling up the DagBag from /opt/airflow/dags/scripts/elt_pipeline.py
[2024-06-21T03:48:07.473+0000] {processor.py:841} WARNING - No viable dags retrieved from /opt/airflow/dags/scripts/elt_pipeline.py
[2024-06-21T03:48:07.487+0000] {processor.py:179} INFO - Processing /opt/airflow/dags/scripts/elt_pipeline.py took 0.434 seconds
[2024-06-21T03:49:08.991+0000] {processor.py:157} INFO - Started process (PID=196) to work on /opt/airflow/dags/scripts/elt_pipeline.py
[2024-06-21T03:49:08.993+0000] {processor.py:829} INFO - Processing file /opt/airflow/dags/scripts/elt_pipeline.py for tasks to queue
[2024-06-21T03:49:08.995+0000] {logging_mixin.py:151} INFO - [2024-06-21T03:49:08.994+0000] {dagbag.py:539} INFO - Filling up the DagBag from /opt/airflow/dags/scripts/elt_pipeline.py
[2024-06-21T03:49:09.348+0000] {processor.py:841} WARNING - No viable dags retrieved from /opt/airflow/dags/scripts/elt_pipeline.py
[2024-06-21T03:49:09.362+0000] {processor.py:179} INFO - Processing /opt/airflow/dags/scripts/elt_pipeline.py took 0.375 seconds
[2024-06-21T03:49:55.285+0000] {processor.py:157} INFO - Started process (PID=221) to work on /opt/airflow/dags/scripts/elt_pipeline.py
[2024-06-21T03:49:55.287+0000] {processor.py:829} INFO - Processing file /opt/airflow/dags/scripts/elt_pipeline.py for tasks to queue
[2024-06-21T03:49:55.291+0000] {logging_mixin.py:151} INFO - [2024-06-21T03:49:55.291+0000] {dagbag.py:539} INFO - Filling up the DagBag from /opt/airflow/dags/scripts/elt_pipeline.py
[2024-06-21T03:49:55.728+0000] {processor.py:841} WARNING - No viable dags retrieved from /opt/airflow/dags/scripts/elt_pipeline.py
[2024-06-21T03:49:55.741+0000] {processor.py:179} INFO - Processing /opt/airflow/dags/scripts/elt_pipeline.py took 0.462 seconds
[2024-06-21T03:50:25.903+0000] {processor.py:157} INFO - Started process (PID=237) to work on /opt/airflow/dags/scripts/elt_pipeline.py
[2024-06-21T03:50:25.905+0000] {processor.py:829} INFO - Processing file /opt/airflow/dags/scripts/elt_pipeline.py for tasks to queue
[2024-06-21T03:50:25.907+0000] {logging_mixin.py:151} INFO - [2024-06-21T03:50:25.907+0000] {dagbag.py:539} INFO - Filling up the DagBag from /opt/airflow/dags/scripts/elt_pipeline.py
[2024-06-21T03:50:26.373+0000] {processor.py:841} WARNING - No viable dags retrieved from /opt/airflow/dags/scripts/elt_pipeline.py
[2024-06-21T03:50:26.402+0000] {processor.py:179} INFO - Processing /opt/airflow/dags/scripts/elt_pipeline.py took 0.503 seconds
[2024-06-21T03:51:00.842+0000] {processor.py:157} INFO - Started process (PID=254) to work on /opt/airflow/dags/scripts/elt_pipeline.py
[2024-06-21T03:51:00.845+0000] {processor.py:829} INFO - Processing file /opt/airflow/dags/scripts/elt_pipeline.py for tasks to queue
[2024-06-21T03:51:00.848+0000] {logging_mixin.py:151} INFO - [2024-06-21T03:51:00.847+0000] {dagbag.py:539} INFO - Filling up the DagBag from /opt/airflow/dags/scripts/elt_pipeline.py
[2024-06-21T03:51:01.260+0000] {processor.py:841} WARNING - No viable dags retrieved from /opt/airflow/dags/scripts/elt_pipeline.py
[2024-06-21T03:51:01.275+0000] {processor.py:179} INFO - Processing /opt/airflow/dags/scripts/elt_pipeline.py took 0.437 seconds
[2024-06-21T12:30:25.824+0000] {processor.py:157} INFO - Started process (PID=43) to work on /opt/airflow/dags/scripts/elt_pipeline.py
[2024-06-21T12:30:25.825+0000] {processor.py:829} INFO - Processing file /opt/airflow/dags/scripts/elt_pipeline.py for tasks to queue
[2024-06-21T12:30:25.832+0000] {logging_mixin.py:151} INFO - [2024-06-21T12:30:25.827+0000] {dagbag.py:539} INFO - Filling up the DagBag from /opt/airflow/dags/scripts/elt_pipeline.py
[2024-06-21T12:30:27.186+0000] {processor.py:841} WARNING - No viable dags retrieved from /opt/airflow/dags/scripts/elt_pipeline.py
[2024-06-21T12:30:27.366+0000] {processor.py:179} INFO - Processing /opt/airflow/dags/scripts/elt_pipeline.py took 1.550 seconds
