[2024-06-17T10:11:03.919+0000] {taskinstance.py:1157} INFO - Dependencies all met for dep_context=non-requeueable deps ti=<TaskInstance: elt_pipeline.extract_load manual__2024-06-17T10:11:02.632593+00:00 [queued]>
[2024-06-17T10:11:03.937+0000] {taskinstance.py:1157} INFO - Dependencies all met for dep_context=requeueable deps ti=<TaskInstance: elt_pipeline.extract_load manual__2024-06-17T10:11:02.632593+00:00 [queued]>
[2024-06-17T10:11:03.937+0000] {taskinstance.py:1359} INFO - Starting attempt 1 of 2
[2024-06-17T10:11:03.952+0000] {taskinstance.py:1380} INFO - Executing <Task(PythonOperator): extract_load> on 2024-06-17 10:11:02.632593+00:00
[2024-06-17T10:11:03.962+0000] {standard_task_runner.py:57} INFO - Started process 2954 to run task
[2024-06-17T10:11:03.966+0000] {standard_task_runner.py:84} INFO - Running: ['***', 'tasks', 'run', 'elt_pipeline', 'extract_load', 'manual__2024-06-17T10:11:02.632593+00:00', '--job-id', '81', '--raw', '--subdir', 'DAGS_FOLDER/elt_pipeline_dag.py', '--cfg-path', '/tmp/tmpelk8wayf']
[2024-06-17T10:11:03.968+0000] {standard_task_runner.py:85} INFO - Job 81: Subtask extract_load
[2024-06-17T10:11:04.027+0000] {task_command.py:415} INFO - Running <TaskInstance: elt_pipeline.extract_load manual__2024-06-17T10:11:02.632593+00:00 [running]> on host 52e246c9d923
[2024-06-17T10:11:04.316+0000] {taskinstance.py:1660} INFO - Exporting env vars: AIRFLOW_CTX_DAG_EMAIL='admin@localhost.com' AIRFLOW_CTX_DAG_OWNER='t.nhatnguyen' AIRFLOW_CTX_DAG_ID='elt_pipeline' AIRFLOW_CTX_TASK_ID='extract_load' AIRFLOW_CTX_EXECUTION_DATE='2024-06-17T10:11:02.632593+00:00' AIRFLOW_CTX_TRY_NUMBER='1' AIRFLOW_CTX_DAG_RUN_ID='manual__2024-06-17T10:11:02.632593+00:00'
[2024-06-17T10:11:04.319+0000] {logging_mixin.py:151} INFO - {'endpoint': 'minio:9000', 'bucket_name': 'delta', 'folder_name': 'test', 'access_key': 'minio_access_key', 'secret_key': 'minio_secret_key'}
[2024-06-17T10:11:04.324+0000] {logging_mixin.py:151} INFO - Bucket delta already exists, skip creating!
[2024-06-17T10:11:04.325+0000] {logging_mixin.py:151} INFO - Uploading data/2022/yellow_tripdata_2022-05.parquet
[2024-06-17T10:11:04.639+0000] {logging_mixin.py:151} INFO - Uploading data/2022/yellow_tripdata_2022-12.parquet
[2024-06-17T10:11:04.892+0000] {logging_mixin.py:151} INFO - Uploading data/2022/yellow_tripdata_2022-09.parquet
[2024-06-17T10:11:05.141+0000] {logging_mixin.py:151} INFO - Uploading data/2022/green_tripdata_2022-10.parquet
[2024-06-17T10:11:05.162+0000] {logging_mixin.py:151} INFO - Uploading data/2022/green_tripdata_2022-12.parquet
[2024-06-17T10:11:05.192+0000] {logging_mixin.py:151} INFO - Uploading data/2022/yellow_tripdata_2022-07.parquet
[2024-06-17T10:11:05.423+0000] {logging_mixin.py:151} INFO - Uploading data/2022/green_tripdata_2022-03.parquet
[2024-06-17T10:11:05.446+0000] {logging_mixin.py:151} INFO - Uploading data/2022/green_tripdata_2022-01.parquet
[2024-06-17T10:11:05.465+0000] {logging_mixin.py:151} INFO - Uploading data/2022/green_tripdata_2022-05.parquet
[2024-06-17T10:11:05.487+0000] {logging_mixin.py:151} INFO - Uploading data/2022/green_tripdata_2022-08.parquet
[2024-06-17T10:11:05.507+0000] {logging_mixin.py:151} INFO - Uploading data/2022/green_tripdata_2022-07.parquet
[2024-06-17T10:11:05.525+0000] {logging_mixin.py:151} INFO - Uploading data/2022/green_tripdata_2022-04.parquet
[2024-06-17T10:11:05.548+0000] {logging_mixin.py:151} INFO - Uploading data/2022/green_tripdata_2022-06.parquet
[2024-06-17T10:11:05.571+0000] {logging_mixin.py:151} INFO - Uploading data/2022/yellow_tripdata_2022-01.parquet
[2024-06-17T10:11:05.757+0000] {logging_mixin.py:151} INFO - Uploading data/2022/yellow_tripdata_2022-03.parquet
[2024-06-17T10:11:06.002+0000] {logging_mixin.py:151} INFO - Uploading data/2022/green_tripdata_2022-02.parquet
[2024-06-17T10:11:06.022+0000] {logging_mixin.py:151} INFO - Uploading data/2022/green_tripdata_2022-09.parquet
[2024-06-17T10:11:06.045+0000] {logging_mixin.py:151} INFO - Uploading data/2022/yellow_tripdata_2022-11.parquet
[2024-06-17T10:11:06.294+0000] {logging_mixin.py:151} INFO - Uploading data/2022/yellow_tripdata_2022-06.parquet
[2024-06-17T10:11:06.600+0000] {logging_mixin.py:151} INFO - Uploading data/2022/yellow_tripdata_2022-08.parquet
[2024-06-17T10:11:06.892+0000] {logging_mixin.py:151} INFO - Uploading data/2022/yellow_tripdata_2022-04.parquet
[2024-06-17T10:11:07.169+0000] {logging_mixin.py:151} INFO - Uploading data/2022/yellow_tripdata_2022-10.parquet
[2024-06-17T10:11:07.517+0000] {logging_mixin.py:151} INFO - Uploading data/2022/yellow_tripdata_2022-02.parquet
[2024-06-17T10:11:07.753+0000] {logging_mixin.py:151} INFO - Uploading data/2022/green_tripdata_2022-11.parquet
[2024-06-17T10:11:07.772+0000] {python.py:194} INFO - Done. Returned value was: None
[2024-06-17T10:11:07.781+0000] {taskinstance.py:1398} INFO - Marking task as SUCCESS. dag_id=elt_pipeline, task_id=extract_load, execution_date=20240617T101102, start_date=20240617T101103, end_date=20240617T101107
[2024-06-17T10:11:07.829+0000] {local_task_job_runner.py:228} INFO - Task exited with return code 0
[2024-06-17T10:11:07.848+0000] {taskinstance.py:2776} INFO - 1 downstream tasks scheduled from follow-on schedule check
