[2024-06-21T03:44:48.149+0000] {taskinstance.py:1157} INFO - Dependencies all met for dep_context=non-requeueable deps ti=<TaskInstance: elt_pipeline.extract_load manual__2024-06-21T03:44:45.186828+00:00 [queued]>
[2024-06-21T03:44:48.156+0000] {taskinstance.py:1157} INFO - Dependencies all met for dep_context=requeueable deps ti=<TaskInstance: elt_pipeline.extract_load manual__2024-06-21T03:44:45.186828+00:00 [queued]>
[2024-06-21T03:44:48.156+0000] {taskinstance.py:1359} INFO - Starting attempt 1 of 2
[2024-06-21T03:44:48.169+0000] {taskinstance.py:1380} INFO - Executing <Task(PythonOperator): extract_load> on 2024-06-21 03:44:45.186828+00:00
[2024-06-21T03:44:48.176+0000] {standard_task_runner.py:57} INFO - Started process 111 to run task
[2024-06-21T03:44:48.183+0000] {standard_task_runner.py:84} INFO - Running: ['***', 'tasks', 'run', 'elt_pipeline', 'extract_load', 'manual__2024-06-21T03:44:45.186828+00:00', '--job-id', '384', '--raw', '--subdir', 'DAGS_FOLDER/elt_pipeline_dag.py', '--cfg-path', '/tmp/tmpx4uy3n1o']
[2024-06-21T03:44:48.189+0000] {standard_task_runner.py:85} INFO - Job 384: Subtask extract_load
[2024-06-21T03:44:48.251+0000] {task_command.py:415} INFO - Running <TaskInstance: elt_pipeline.extract_load manual__2024-06-21T03:44:45.186828+00:00 [running]> on host 2f57aed1878c
[2024-06-21T03:44:48.364+0000] {taskinstance.py:1660} INFO - Exporting env vars: AIRFLOW_CTX_DAG_EMAIL='admin@localhost.com' AIRFLOW_CTX_DAG_OWNER='t.nhatnguyen' AIRFLOW_CTX_DAG_ID='elt_pipeline' AIRFLOW_CTX_TASK_ID='extract_load' AIRFLOW_CTX_EXECUTION_DATE='2024-06-21T03:44:45.186828+00:00' AIRFLOW_CTX_TRY_NUMBER='1' AIRFLOW_CTX_DAG_RUN_ID='manual__2024-06-21T03:44:45.186828+00:00'
[2024-06-21T03:44:48.369+0000] {logging_mixin.py:151} INFO - {'endpoint': 'minio:9000', 'bucket_name_1': 'raw', 'bucket_name_2': 'processed', 'bucket_name_3': 'delta', 'folder_name': 'batch', 'access_key': 'minio_access_key', 'secret_key': 'minio_secret_key'}
[2024-06-21T03:44:48.378+0000] {logging_mixin.py:151} INFO - Bucket raw already exists, skip creating!
[2024-06-21T03:44:48.379+0000] {logging_mixin.py:151} INFO - Uploading data/2022/yellow_tripdata_2022-05.parquet
[2024-06-21T03:44:48.678+0000] {logging_mixin.py:151} INFO - Uploading data/2022/green_tripdata_2022-03.parquet
[2024-06-21T03:44:48.713+0000] {logging_mixin.py:151} INFO - Uploading data/2022/green_tripdata_2022-01.parquet
[2024-06-21T03:44:48.738+0000] {logging_mixin.py:151} INFO - Uploading data/2022/green_tripdata_2022-05.parquet
[2024-06-21T03:44:48.755+0000] {logging_mixin.py:151} INFO - Uploading data/2022/green_tripdata_2022-04.parquet
[2024-06-21T03:44:48.770+0000] {logging_mixin.py:151} INFO - Uploading data/2022/green_tripdata_2022-06.parquet
[2024-06-21T03:44:48.788+0000] {logging_mixin.py:151} INFO - Uploading data/2022/yellow_tripdata_2022-01.parquet
[2024-06-21T03:44:48.982+0000] {logging_mixin.py:151} INFO - Uploading data/2022/yellow_tripdata_2022-03.parquet
[2024-06-21T03:44:49.319+0000] {logging_mixin.py:151} INFO - Uploading data/2022/green_tripdata_2022-02.parquet
[2024-06-21T03:44:49.341+0000] {logging_mixin.py:151} INFO - Uploading data/2022/yellow_tripdata_2022-06.parquet
[2024-06-21T03:44:49.677+0000] {logging_mixin.py:151} INFO - Uploading data/2022/yellow_tripdata_2022-04.parquet
[2024-06-21T03:44:49.958+0000] {logging_mixin.py:151} INFO - Uploading data/2022/yellow_tripdata_2022-02.parquet
[2024-06-21T03:44:50.183+0000] {python.py:194} INFO - Done. Returned value was: None
[2024-06-21T03:44:50.192+0000] {taskinstance.py:1398} INFO - Marking task as SUCCESS. dag_id=elt_pipeline, task_id=extract_load, execution_date=20240621T034445, start_date=20240621T034448, end_date=20240621T034450
[2024-06-21T03:44:50.237+0000] {local_task_job_runner.py:228} INFO - Task exited with return code 0
[2024-06-21T03:44:50.282+0000] {taskinstance.py:2776} INFO - 1 downstream tasks scheduled from follow-on schedule check
