[2024-06-20T17:50:36.297+0000] {taskinstance.py:1157} INFO - Dependencies all met for dep_context=non-requeueable deps ti=<TaskInstance: elt_pipeline.extract_load manual__2024-06-20T17:50:33.625198+00:00 [queued]>
[2024-06-20T17:50:36.305+0000] {taskinstance.py:1157} INFO - Dependencies all met for dep_context=requeueable deps ti=<TaskInstance: elt_pipeline.extract_load manual__2024-06-20T17:50:33.625198+00:00 [queued]>
[2024-06-20T17:50:36.306+0000] {taskinstance.py:1359} INFO - Starting attempt 1 of 2
[2024-06-20T17:50:36.320+0000] {taskinstance.py:1380} INFO - Executing <Task(PythonOperator): extract_load> on 2024-06-20 17:50:33.625198+00:00
[2024-06-20T17:50:36.329+0000] {standard_task_runner.py:57} INFO - Started process 166 to run task
[2024-06-20T17:50:36.333+0000] {standard_task_runner.py:84} INFO - Running: ['***', 'tasks', 'run', 'elt_pipeline', 'extract_load', 'manual__2024-06-20T17:50:33.625198+00:00', '--job-id', '373', '--raw', '--subdir', 'DAGS_FOLDER/elt_pipeline_dag.py', '--cfg-path', '/tmp/tmpndczivv1']
[2024-06-20T17:50:36.335+0000] {standard_task_runner.py:85} INFO - Job 373: Subtask extract_load
[2024-06-20T17:50:36.383+0000] {task_command.py:415} INFO - Running <TaskInstance: elt_pipeline.extract_load manual__2024-06-20T17:50:33.625198+00:00 [running]> on host 40214f1a5465
[2024-06-20T17:50:36.458+0000] {taskinstance.py:1660} INFO - Exporting env vars: AIRFLOW_CTX_DAG_EMAIL='admin@localhost.com' AIRFLOW_CTX_DAG_OWNER='t.nhatnguyen' AIRFLOW_CTX_DAG_ID='elt_pipeline' AIRFLOW_CTX_TASK_ID='extract_load' AIRFLOW_CTX_EXECUTION_DATE='2024-06-20T17:50:33.625198+00:00' AIRFLOW_CTX_TRY_NUMBER='1' AIRFLOW_CTX_DAG_RUN_ID='manual__2024-06-20T17:50:33.625198+00:00'
[2024-06-20T17:50:36.460+0000] {logging_mixin.py:151} INFO - {'endpoint': 'minio:9000', 'bucket_name_1': 'raw', 'bucket_name_2': 'processed', 'bucket_name_3': 'delta', 'folder_name': 'batch', 'access_key': 'minio_access_key', 'secret_key': 'minio_secret_key'}
[2024-06-20T17:50:36.465+0000] {logging_mixin.py:151} INFO - Bucket raw already exists, skip creating!
[2024-06-20T17:50:36.466+0000] {logging_mixin.py:151} INFO - Uploading data/2022/yellow_tripdata_2022-05.parquet
[2024-06-20T17:50:36.924+0000] {logging_mixin.py:151} INFO - Uploading data/2022/yellow_tripdata_2022-12.parquet
[2024-06-20T17:50:37.323+0000] {logging_mixin.py:151} INFO - Uploading data/2022/yellow_tripdata_2022-09.parquet
[2024-06-20T17:50:37.706+0000] {logging_mixin.py:151} INFO - Uploading data/2022/green_tripdata_2022-10.parquet
[2024-06-20T17:50:37.730+0000] {logging_mixin.py:151} INFO - Uploading data/2022/green_tripdata_2022-12.parquet
[2024-06-20T17:50:37.765+0000] {logging_mixin.py:151} INFO - Uploading data/2022/yellow_tripdata_2022-07.parquet
[2024-06-20T17:50:38.128+0000] {logging_mixin.py:151} INFO - Uploading data/2022/green_tripdata_2022-03.parquet
[2024-06-20T17:50:38.159+0000] {logging_mixin.py:151} INFO - Uploading data/2022/green_tripdata_2022-01.parquet
[2024-06-20T17:50:38.186+0000] {logging_mixin.py:151} INFO - Uploading data/2022/green_tripdata_2022-05.parquet
[2024-06-20T17:50:38.214+0000] {logging_mixin.py:151} INFO - Uploading data/2022/green_tripdata_2022-08.parquet
[2024-06-20T17:50:38.245+0000] {logging_mixin.py:151} INFO - Uploading data/2022/green_tripdata_2022-07.parquet
[2024-06-20T17:50:38.269+0000] {logging_mixin.py:151} INFO - Uploading data/2022/green_tripdata_2022-04.parquet
[2024-06-20T17:50:38.300+0000] {logging_mixin.py:151} INFO - Uploading data/2022/green_tripdata_2022-06.parquet
[2024-06-20T17:50:38.332+0000] {logging_mixin.py:151} INFO - Uploading data/2022/yellow_tripdata_2022-01.parquet
[2024-06-20T17:50:38.619+0000] {logging_mixin.py:151} INFO - Uploading data/2022/yellow_tripdata_2022-03.parquet
[2024-06-20T17:50:39.029+0000] {logging_mixin.py:151} INFO - Uploading data/2022/green_tripdata_2022-02.parquet
[2024-06-20T17:50:39.053+0000] {logging_mixin.py:151} INFO - Uploading data/2022/green_tripdata_2022-09.parquet
[2024-06-20T17:50:39.080+0000] {logging_mixin.py:151} INFO - Uploading data/2022/yellow_tripdata_2022-11.parquet
[2024-06-20T17:50:39.486+0000] {logging_mixin.py:151} INFO - Uploading data/2022/yellow_tripdata_2022-06.parquet
[2024-06-20T17:50:39.920+0000] {logging_mixin.py:151} INFO - Uploading data/2022/yellow_tripdata_2022-08.parquet
[2024-06-20T17:50:40.341+0000] {logging_mixin.py:151} INFO - Uploading data/2022/yellow_tripdata_2022-04.parquet
[2024-06-20T17:50:40.822+0000] {logging_mixin.py:151} INFO - Uploading data/2022/yellow_tripdata_2022-10.parquet
[2024-06-20T17:50:41.242+0000] {logging_mixin.py:151} INFO - Uploading data/2022/yellow_tripdata_2022-02.parquet
[2024-06-20T17:50:41.579+0000] {logging_mixin.py:151} INFO - Uploading data/2022/green_tripdata_2022-11.parquet
[2024-06-20T17:50:41.603+0000] {python.py:194} INFO - Done. Returned value was: None
[2024-06-20T17:50:41.612+0000] {taskinstance.py:1398} INFO - Marking task as SUCCESS. dag_id=elt_pipeline, task_id=extract_load, execution_date=20240620T175033, start_date=20240620T175036, end_date=20240620T175041
[2024-06-20T17:50:41.631+0000] {local_task_job_runner.py:228} INFO - Task exited with return code 0
[2024-06-20T17:50:41.652+0000] {taskinstance.py:2776} INFO - 1 downstream tasks scheduled from follow-on schedule check
