[2024-06-20T18:01:59.325+0000] {taskinstance.py:1157} INFO - Dependencies all met for dep_context=non-requeueable deps ti=<TaskInstance: elt_pipeline.extract_load manual__2024-06-20T18:01:56.746631+00:00 [queued]>
[2024-06-20T18:01:59.333+0000] {taskinstance.py:1157} INFO - Dependencies all met for dep_context=requeueable deps ti=<TaskInstance: elt_pipeline.extract_load manual__2024-06-20T18:01:56.746631+00:00 [queued]>
[2024-06-20T18:01:59.334+0000] {taskinstance.py:1359} INFO - Starting attempt 1 of 2
[2024-06-20T18:01:59.347+0000] {taskinstance.py:1380} INFO - Executing <Task(PythonOperator): extract_load> on 2024-06-20 18:01:56.746631+00:00
[2024-06-20T18:01:59.354+0000] {standard_task_runner.py:57} INFO - Started process 1151 to run task
[2024-06-20T18:01:59.357+0000] {standard_task_runner.py:84} INFO - Running: ['***', 'tasks', 'run', 'elt_pipeline', 'extract_load', 'manual__2024-06-20T18:01:56.746631+00:00', '--job-id', '378', '--raw', '--subdir', 'DAGS_FOLDER/elt_pipeline_dag.py', '--cfg-path', '/tmp/tmpvxzofb_a']
[2024-06-20T18:01:59.359+0000] {standard_task_runner.py:85} INFO - Job 378: Subtask extract_load
[2024-06-20T18:01:59.406+0000] {task_command.py:415} INFO - Running <TaskInstance: elt_pipeline.extract_load manual__2024-06-20T18:01:56.746631+00:00 [running]> on host 40214f1a5465
[2024-06-20T18:01:59.483+0000] {taskinstance.py:1660} INFO - Exporting env vars: AIRFLOW_CTX_DAG_EMAIL='admin@localhost.com' AIRFLOW_CTX_DAG_OWNER='t.nhatnguyen' AIRFLOW_CTX_DAG_ID='elt_pipeline' AIRFLOW_CTX_TASK_ID='extract_load' AIRFLOW_CTX_EXECUTION_DATE='2024-06-20T18:01:56.746631+00:00' AIRFLOW_CTX_TRY_NUMBER='1' AIRFLOW_CTX_DAG_RUN_ID='manual__2024-06-20T18:01:56.746631+00:00'
[2024-06-20T18:01:59.485+0000] {logging_mixin.py:151} INFO - {'endpoint': 'minio:9000', 'bucket_name_1': 'raw', 'bucket_name_2': 'processed', 'bucket_name_3': 'delta', 'folder_name': 'batch', 'access_key': 'minio_access_key', 'secret_key': 'minio_secret_key'}
[2024-06-20T18:01:59.500+0000] {logging_mixin.py:151} INFO - Bucket raw already exists, skip creating!
[2024-06-20T18:01:59.501+0000] {logging_mixin.py:151} INFO - Uploading data/2022/yellow_tripdata_2022-05.parquet
[2024-06-20T18:01:59.886+0000] {logging_mixin.py:151} INFO - Uploading data/2022/green_tripdata_2022-03.parquet
[2024-06-20T18:01:59.928+0000] {logging_mixin.py:151} INFO - Uploading data/2022/green_tripdata_2022-01.parquet
[2024-06-20T18:01:59.955+0000] {logging_mixin.py:151} INFO - Uploading data/2022/green_tripdata_2022-05.parquet
[2024-06-20T18:01:59.982+0000] {logging_mixin.py:151} INFO - Uploading data/2022/green_tripdata_2022-04.parquet
[2024-06-20T18:02:00.007+0000] {logging_mixin.py:151} INFO - Uploading data/2022/green_tripdata_2022-06.parquet
[2024-06-20T18:02:00.031+0000] {logging_mixin.py:151} INFO - Uploading data/2022/yellow_tripdata_2022-01.parquet
[2024-06-20T18:02:00.337+0000] {logging_mixin.py:151} INFO - Uploading data/2022/yellow_tripdata_2022-03.parquet
[2024-06-20T18:02:00.884+0000] {logging_mixin.py:151} INFO - Uploading data/2022/green_tripdata_2022-02.parquet
[2024-06-20T18:02:00.905+0000] {logging_mixin.py:151} INFO - Uploading data/2022/yellow_tripdata_2022-06.parquet
[2024-06-20T18:02:01.431+0000] {logging_mixin.py:151} INFO - Uploading data/2022/yellow_tripdata_2022-04.parquet
[2024-06-20T18:02:01.755+0000] {logging_mixin.py:151} INFO - Uploading data/2022/yellow_tripdata_2022-02.parquet
[2024-06-20T18:02:02.190+0000] {python.py:194} INFO - Done. Returned value was: None
[2024-06-20T18:02:02.202+0000] {taskinstance.py:1398} INFO - Marking task as SUCCESS. dag_id=elt_pipeline, task_id=extract_load, execution_date=20240620T180156, start_date=20240620T180159, end_date=20240620T180202
[2024-06-20T18:02:02.297+0000] {local_task_job_runner.py:228} INFO - Task exited with return code 0
[2024-06-20T18:02:02.323+0000] {taskinstance.py:2776} INFO - 1 downstream tasks scheduled from follow-on schedule check
