[2024-06-21T03:44:08.293+0000] {processor.py:157} INFO - Started process (PID=43) to work on /opt/airflow/dags/delta_dag.py
[2024-06-21T03:44:08.294+0000] {processor.py:829} INFO - Processing file /opt/airflow/dags/delta_dag.py for tasks to queue
[2024-06-21T03:44:08.297+0000] {logging_mixin.py:151} INFO - [2024-06-21T03:44:08.296+0000] {dagbag.py:539} INFO - Filling up the DagBag from /opt/airflow/dags/delta_dag.py
[2024-06-21T03:44:08.580+0000] {processor.py:839} INFO - DAG(s) dict_keys(['delta_pipeline']) retrieved from /opt/airflow/dags/delta_dag.py
[2024-06-21T03:44:08.776+0000] {logging_mixin.py:151} INFO - [2024-06-21T03:44:08.776+0000] {security.py:708} INFO - Not syncing DAG-level permissions for DAG 'DAG:delta_pipeline' as access control is unset.
[2024-06-21T03:44:08.776+0000] {logging_mixin.py:151} INFO - [2024-06-21T03:44:08.776+0000] {dag.py:2915} INFO - Sync 1 DAGs
[2024-06-21T03:44:08.789+0000] {logging_mixin.py:151} INFO - [2024-06-21T03:44:08.789+0000] {dag.py:3696} INFO - Setting next_dagrun for delta_pipeline to None, run_after=None
[2024-06-21T03:44:08.806+0000] {processor.py:179} INFO - Processing /opt/airflow/dags/delta_dag.py took 0.517 seconds
[2024-06-21T03:44:39.637+0000] {processor.py:157} INFO - Started process (PID=63) to work on /opt/airflow/dags/delta_dag.py
[2024-06-21T03:44:39.638+0000] {processor.py:829} INFO - Processing file /opt/airflow/dags/delta_dag.py for tasks to queue
[2024-06-21T03:44:39.640+0000] {logging_mixin.py:151} INFO - [2024-06-21T03:44:39.639+0000] {dagbag.py:539} INFO - Filling up the DagBag from /opt/airflow/dags/delta_dag.py
[2024-06-21T03:44:39.873+0000] {processor.py:839} INFO - DAG(s) dict_keys(['delta_pipeline']) retrieved from /opt/airflow/dags/delta_dag.py
[2024-06-21T03:44:39.895+0000] {logging_mixin.py:151} INFO - [2024-06-21T03:44:39.895+0000] {dag.py:2915} INFO - Sync 1 DAGs
[2024-06-21T03:44:39.916+0000] {logging_mixin.py:151} INFO - [2024-06-21T03:44:39.915+0000] {dag.py:3696} INFO - Setting next_dagrun for delta_pipeline to None, run_after=None
[2024-06-21T03:44:39.932+0000] {processor.py:179} INFO - Processing /opt/airflow/dags/delta_dag.py took 0.297 seconds
[2024-06-21T03:45:14.198+0000] {processor.py:157} INFO - Started process (PID=86) to work on /opt/airflow/dags/delta_dag.py
[2024-06-21T03:45:14.199+0000] {processor.py:829} INFO - Processing file /opt/airflow/dags/delta_dag.py for tasks to queue
[2024-06-21T03:45:14.203+0000] {logging_mixin.py:151} INFO - [2024-06-21T03:45:14.202+0000] {dagbag.py:539} INFO - Filling up the DagBag from /opt/airflow/dags/delta_dag.py
[2024-06-21T03:45:14.452+0000] {processor.py:839} INFO - DAG(s) dict_keys(['delta_pipeline']) retrieved from /opt/airflow/dags/delta_dag.py
[2024-06-21T03:45:14.501+0000] {logging_mixin.py:151} INFO - [2024-06-21T03:45:14.501+0000] {dag.py:2915} INFO - Sync 1 DAGs
[2024-06-21T03:45:14.514+0000] {logging_mixin.py:151} INFO - [2024-06-21T03:45:14.513+0000] {dag.py:3696} INFO - Setting next_dagrun for delta_pipeline to None, run_after=None
[2024-06-21T03:45:14.532+0000] {processor.py:179} INFO - Processing /opt/airflow/dags/delta_dag.py took 0.337 seconds
[2024-06-21T03:45:44.574+0000] {processor.py:157} INFO - Started process (PID=101) to work on /opt/airflow/dags/delta_dag.py
[2024-06-21T03:45:44.576+0000] {processor.py:829} INFO - Processing file /opt/airflow/dags/delta_dag.py for tasks to queue
[2024-06-21T03:45:44.578+0000] {logging_mixin.py:151} INFO - [2024-06-21T03:45:44.578+0000] {dagbag.py:539} INFO - Filling up the DagBag from /opt/airflow/dags/delta_dag.py
[2024-06-21T03:45:44.866+0000] {processor.py:839} INFO - DAG(s) dict_keys(['delta_pipeline']) retrieved from /opt/airflow/dags/delta_dag.py
[2024-06-21T03:45:44.929+0000] {logging_mixin.py:151} INFO - [2024-06-21T03:45:44.929+0000] {dag.py:2915} INFO - Sync 1 DAGs
[2024-06-21T03:45:44.944+0000] {logging_mixin.py:151} INFO - [2024-06-21T03:45:44.944+0000] {dag.py:3696} INFO - Setting next_dagrun for delta_pipeline to None, run_after=None
[2024-06-21T03:45:44.969+0000] {processor.py:179} INFO - Processing /opt/airflow/dags/delta_dag.py took 0.398 seconds
[2024-06-21T03:46:15.929+0000] {processor.py:157} INFO - Started process (PID=119) to work on /opt/airflow/dags/delta_dag.py
[2024-06-21T03:46:15.930+0000] {processor.py:829} INFO - Processing file /opt/airflow/dags/delta_dag.py for tasks to queue
[2024-06-21T03:46:15.932+0000] {logging_mixin.py:151} INFO - [2024-06-21T03:46:15.931+0000] {dagbag.py:539} INFO - Filling up the DagBag from /opt/airflow/dags/delta_dag.py
[2024-06-21T03:46:16.059+0000] {processor.py:839} INFO - DAG(s) dict_keys(['delta_pipeline']) retrieved from /opt/airflow/dags/delta_dag.py
[2024-06-21T03:46:16.084+0000] {logging_mixin.py:151} INFO - [2024-06-21T03:46:16.083+0000] {dag.py:2915} INFO - Sync 1 DAGs
[2024-06-21T03:46:16.094+0000] {logging_mixin.py:151} INFO - [2024-06-21T03:46:16.094+0000] {dag.py:3696} INFO - Setting next_dagrun for delta_pipeline to None, run_after=None
[2024-06-21T03:46:16.111+0000] {processor.py:179} INFO - Processing /opt/airflow/dags/delta_dag.py took 0.185 seconds
[2024-06-21T03:46:49.446+0000] {processor.py:157} INFO - Started process (PID=132) to work on /opt/airflow/dags/delta_dag.py
[2024-06-21T03:46:49.448+0000] {processor.py:829} INFO - Processing file /opt/airflow/dags/delta_dag.py for tasks to queue
[2024-06-21T03:46:49.450+0000] {logging_mixin.py:151} INFO - [2024-06-21T03:46:49.450+0000] {dagbag.py:539} INFO - Filling up the DagBag from /opt/airflow/dags/delta_dag.py
[2024-06-21T03:46:49.681+0000] {processor.py:839} INFO - DAG(s) dict_keys(['delta_pipeline']) retrieved from /opt/airflow/dags/delta_dag.py
[2024-06-21T03:46:49.772+0000] {logging_mixin.py:151} INFO - [2024-06-21T03:46:49.772+0000] {security.py:708} INFO - Not syncing DAG-level permissions for DAG 'DAG:delta_pipeline' as access control is unset.
[2024-06-21T03:46:49.773+0000] {logging_mixin.py:151} INFO - [2024-06-21T03:46:49.772+0000] {dag.py:2915} INFO - Sync 1 DAGs
[2024-06-21T03:46:49.782+0000] {logging_mixin.py:151} INFO - [2024-06-21T03:46:49.782+0000] {dag.py:3696} INFO - Setting next_dagrun for delta_pipeline to None, run_after=None
[2024-06-21T03:46:49.802+0000] {processor.py:179} INFO - Processing /opt/airflow/dags/delta_dag.py took 0.359 seconds
[2024-06-21T03:47:20.078+0000] {processor.py:157} INFO - Started process (PID=148) to work on /opt/airflow/dags/delta_dag.py
[2024-06-21T03:47:20.080+0000] {processor.py:829} INFO - Processing file /opt/airflow/dags/delta_dag.py for tasks to queue
[2024-06-21T03:47:20.083+0000] {logging_mixin.py:151} INFO - [2024-06-21T03:47:20.082+0000] {dagbag.py:539} INFO - Filling up the DagBag from /opt/airflow/dags/delta_dag.py
[2024-06-21T03:47:20.319+0000] {processor.py:839} INFO - DAG(s) dict_keys(['delta_pipeline']) retrieved from /opt/airflow/dags/delta_dag.py
[2024-06-21T03:47:20.344+0000] {logging_mixin.py:151} INFO - [2024-06-21T03:47:20.343+0000] {dag.py:2915} INFO - Sync 1 DAGs
[2024-06-21T03:47:20.352+0000] {logging_mixin.py:151} INFO - [2024-06-21T03:47:20.352+0000] {dag.py:3696} INFO - Setting next_dagrun for delta_pipeline to None, run_after=None
[2024-06-21T03:47:20.367+0000] {processor.py:179} INFO - Processing /opt/airflow/dags/delta_dag.py took 0.293 seconds
[2024-06-21T03:48:05.889+0000] {processor.py:157} INFO - Started process (PID=165) to work on /opt/airflow/dags/delta_dag.py
[2024-06-21T03:48:05.894+0000] {processor.py:829} INFO - Processing file /opt/airflow/dags/delta_dag.py for tasks to queue
[2024-06-21T03:48:05.897+0000] {logging_mixin.py:151} INFO - [2024-06-21T03:48:05.897+0000] {dagbag.py:539} INFO - Filling up the DagBag from /opt/airflow/dags/delta_dag.py
[2024-06-21T03:48:06.030+0000] {processor.py:839} INFO - DAG(s) dict_keys(['delta_pipeline']) retrieved from /opt/airflow/dags/delta_dag.py
[2024-06-21T03:48:06.049+0000] {logging_mixin.py:151} INFO - [2024-06-21T03:48:06.049+0000] {dag.py:2915} INFO - Sync 1 DAGs
[2024-06-21T03:48:06.059+0000] {logging_mixin.py:151} INFO - [2024-06-21T03:48:06.059+0000] {dag.py:3696} INFO - Setting next_dagrun for delta_pipeline to None, run_after=None
[2024-06-21T03:48:06.074+0000] {processor.py:179} INFO - Processing /opt/airflow/dags/delta_dag.py took 0.188 seconds
[2024-06-21T03:48:36.556+0000] {processor.py:157} INFO - Started process (PID=182) to work on /opt/airflow/dags/delta_dag.py
[2024-06-21T03:48:36.562+0000] {processor.py:829} INFO - Processing file /opt/airflow/dags/delta_dag.py for tasks to queue
[2024-06-21T03:48:36.565+0000] {logging_mixin.py:151} INFO - [2024-06-21T03:48:36.564+0000] {dagbag.py:539} INFO - Filling up the DagBag from /opt/airflow/dags/delta_dag.py
[2024-06-21T03:48:36.719+0000] {processor.py:839} INFO - DAG(s) dict_keys(['delta_pipeline']) retrieved from /opt/airflow/dags/delta_dag.py
[2024-06-21T03:48:36.748+0000] {logging_mixin.py:151} INFO - [2024-06-21T03:48:36.748+0000] {dag.py:2915} INFO - Sync 1 DAGs
[2024-06-21T03:48:36.761+0000] {logging_mixin.py:151} INFO - [2024-06-21T03:48:36.760+0000] {dag.py:3696} INFO - Setting next_dagrun for delta_pipeline to None, run_after=None
[2024-06-21T03:48:36.781+0000] {processor.py:179} INFO - Processing /opt/airflow/dags/delta_dag.py took 0.233 seconds
[2024-06-21T03:49:08.569+0000] {processor.py:157} INFO - Started process (PID=193) to work on /opt/airflow/dags/delta_dag.py
[2024-06-21T03:49:08.571+0000] {processor.py:829} INFO - Processing file /opt/airflow/dags/delta_dag.py for tasks to queue
[2024-06-21T03:49:08.575+0000] {logging_mixin.py:151} INFO - [2024-06-21T03:49:08.575+0000] {dagbag.py:539} INFO - Filling up the DagBag from /opt/airflow/dags/delta_dag.py
[2024-06-21T03:49:08.708+0000] {processor.py:839} INFO - DAG(s) dict_keys(['delta_pipeline']) retrieved from /opt/airflow/dags/delta_dag.py
[2024-06-21T03:49:08.734+0000] {logging_mixin.py:151} INFO - [2024-06-21T03:49:08.734+0000] {dag.py:2915} INFO - Sync 1 DAGs
[2024-06-21T03:49:08.748+0000] {logging_mixin.py:151} INFO - [2024-06-21T03:49:08.748+0000] {dag.py:3696} INFO - Setting next_dagrun for delta_pipeline to None, run_after=None
[2024-06-21T03:49:08.774+0000] {processor.py:179} INFO - Processing /opt/airflow/dags/delta_dag.py took 0.210 seconds
[2024-06-21T03:49:39.765+0000] {processor.py:157} INFO - Started process (PID=210) to work on /opt/airflow/dags/delta_dag.py
[2024-06-21T03:49:39.766+0000] {processor.py:829} INFO - Processing file /opt/airflow/dags/delta_dag.py for tasks to queue
[2024-06-21T03:49:39.771+0000] {logging_mixin.py:151} INFO - [2024-06-21T03:49:39.770+0000] {dagbag.py:539} INFO - Filling up the DagBag from /opt/airflow/dags/delta_dag.py
[2024-06-21T03:49:39.906+0000] {processor.py:839} INFO - DAG(s) dict_keys(['delta_pipeline']) retrieved from /opt/airflow/dags/delta_dag.py
[2024-06-21T03:49:39.931+0000] {logging_mixin.py:151} INFO - [2024-06-21T03:49:39.931+0000] {dag.py:2915} INFO - Sync 1 DAGs
[2024-06-21T03:49:39.943+0000] {logging_mixin.py:151} INFO - [2024-06-21T03:49:39.943+0000] {dag.py:3696} INFO - Setting next_dagrun for delta_pipeline to None, run_after=None
[2024-06-21T03:49:39.960+0000] {processor.py:179} INFO - Processing /opt/airflow/dags/delta_dag.py took 0.201 seconds
[2024-06-21T03:50:13.217+0000] {processor.py:157} INFO - Started process (PID=228) to work on /opt/airflow/dags/delta_dag.py
[2024-06-21T03:50:13.220+0000] {processor.py:829} INFO - Processing file /opt/airflow/dags/delta_dag.py for tasks to queue
[2024-06-21T03:50:13.222+0000] {logging_mixin.py:151} INFO - [2024-06-21T03:50:13.222+0000] {dagbag.py:539} INFO - Filling up the DagBag from /opt/airflow/dags/delta_dag.py
[2024-06-21T03:50:13.395+0000] {processor.py:839} INFO - DAG(s) dict_keys(['delta_pipeline']) retrieved from /opt/airflow/dags/delta_dag.py
[2024-06-21T03:50:13.420+0000] {logging_mixin.py:151} INFO - [2024-06-21T03:50:13.420+0000] {dag.py:2915} INFO - Sync 1 DAGs
[2024-06-21T03:50:13.435+0000] {logging_mixin.py:151} INFO - [2024-06-21T03:50:13.435+0000] {dag.py:3696} INFO - Setting next_dagrun for delta_pipeline to None, run_after=None
[2024-06-21T03:50:13.455+0000] {processor.py:179} INFO - Processing /opt/airflow/dags/delta_dag.py took 0.241 seconds
[2024-06-21T03:50:43.543+0000] {processor.py:157} INFO - Started process (PID=249) to work on /opt/airflow/dags/delta_dag.py
[2024-06-21T03:50:43.546+0000] {processor.py:829} INFO - Processing file /opt/airflow/dags/delta_dag.py for tasks to queue
[2024-06-21T03:50:43.549+0000] {logging_mixin.py:151} INFO - [2024-06-21T03:50:43.549+0000] {dagbag.py:539} INFO - Filling up the DagBag from /opt/airflow/dags/delta_dag.py
[2024-06-21T03:50:43.679+0000] {processor.py:839} INFO - DAG(s) dict_keys(['delta_pipeline']) retrieved from /opt/airflow/dags/delta_dag.py
[2024-06-21T03:50:43.704+0000] {logging_mixin.py:151} INFO - [2024-06-21T03:50:43.704+0000] {dag.py:2915} INFO - Sync 1 DAGs
[2024-06-21T03:50:43.715+0000] {logging_mixin.py:151} INFO - [2024-06-21T03:50:43.715+0000] {dag.py:3696} INFO - Setting next_dagrun for delta_pipeline to None, run_after=None
[2024-06-21T03:50:43.733+0000] {processor.py:179} INFO - Processing /opt/airflow/dags/delta_dag.py took 0.197 seconds
[2024-06-21T12:30:27.475+0000] {processor.py:157} INFO - Started process (PID=47) to work on /opt/airflow/dags/delta_dag.py
[2024-06-21T12:30:27.476+0000] {processor.py:829} INFO - Processing file /opt/airflow/dags/delta_dag.py for tasks to queue
[2024-06-21T12:30:27.483+0000] {logging_mixin.py:151} INFO - [2024-06-21T12:30:27.478+0000] {dagbag.py:539} INFO - Filling up the DagBag from /opt/airflow/dags/delta_dag.py
[2024-06-21T12:30:28.225+0000] {processor.py:839} INFO - DAG(s) dict_keys(['delta_pipeline']) retrieved from /opt/airflow/dags/delta_dag.py
[2024-06-21T12:30:28.929+0000] {logging_mixin.py:151} INFO - [2024-06-21T12:30:28.909+0000] {security.py:708} INFO - Not syncing DAG-level permissions for DAG 'DAG:delta_pipeline' as access control is unset.
[2024-06-21T12:30:28.931+0000] {logging_mixin.py:151} INFO - [2024-06-21T12:30:28.931+0000] {dag.py:2915} INFO - Sync 1 DAGs
[2024-06-21T12:30:28.958+0000] {logging_mixin.py:151} INFO - [2024-06-21T12:30:28.957+0000] {dag.py:3696} INFO - Setting next_dagrun for delta_pipeline to None, run_after=None
[2024-06-21T12:30:29.023+0000] {processor.py:179} INFO - Processing /opt/airflow/dags/delta_dag.py took 1.559 seconds
