[2024-06-17T17:38:00.845+0000] {taskinstance.py:1157} INFO - Dependencies all met for dep_context=non-requeueable deps ti=<TaskInstance: elt_pipeline.transform manual__2024-06-17T17:37:54.338588+00:00 [queued]>
[2024-06-17T17:38:00.853+0000] {taskinstance.py:1157} INFO - Dependencies all met for dep_context=requeueable deps ti=<TaskInstance: elt_pipeline.transform manual__2024-06-17T17:37:54.338588+00:00 [queued]>
[2024-06-17T17:38:00.854+0000] {taskinstance.py:1359} INFO - Starting attempt 1 of 2
[2024-06-17T17:38:00.865+0000] {taskinstance.py:1380} INFO - Executing <Task(PythonOperator): transform> on 2024-06-17 17:37:54.338588+00:00
[2024-06-17T17:38:00.872+0000] {standard_task_runner.py:57} INFO - Started process 662 to run task
[2024-06-17T17:38:00.875+0000] {standard_task_runner.py:84} INFO - Running: ['***', 'tasks', 'run', 'elt_pipeline', 'transform', 'manual__2024-06-17T17:37:54.338588+00:00', '--job-id', '261', '--raw', '--subdir', 'DAGS_FOLDER/elt_pipeline_dag.py', '--cfg-path', '/tmp/tmp_ric581y']
[2024-06-17T17:38:00.877+0000] {standard_task_runner.py:85} INFO - Job 261: Subtask transform
[2024-06-17T17:38:00.935+0000] {task_command.py:415} INFO - Running <TaskInstance: elt_pipeline.transform manual__2024-06-17T17:37:54.338588+00:00 [running]> on host bf1afdb2f840
[2024-06-17T17:38:01.173+0000] {taskinstance.py:1660} INFO - Exporting env vars: AIRFLOW_CTX_DAG_EMAIL='admin@localhost.com' AIRFLOW_CTX_DAG_OWNER='t.nhatnguyen' AIRFLOW_CTX_DAG_ID='elt_pipeline' AIRFLOW_CTX_TASK_ID='transform' AIRFLOW_CTX_EXECUTION_DATE='2024-06-17T17:37:54.338588+00:00' AIRFLOW_CTX_TRY_NUMBER='1' AIRFLOW_CTX_DAG_RUN_ID='manual__2024-06-17T17:37:54.338588+00:00'
[2024-06-17T17:38:01.264+0000] {logging_mixin.py:151} INFO - {'endpoint': 'minio:9000', 'bucket_name': 'delta', 'folder_name': 'test', 'access_key': 'minio_access_key', 'secret_key': 'minio_secret_key'}
[2024-06-17T17:38:01.337+0000] {logging_mixin.py:151} INFO - Reading parquet file: data/2022/yellow_tripdata_2022-05.parquet
[2024-06-17T17:38:01.337+0000] {logging_mixin.py:151} INFO - Reading parquet file: data/2022/yellow_tripdata_2022-12.parquet
[2024-06-17T17:38:01.337+0000] {logging_mixin.py:151} INFO - Reading parquet file: data/2022/yellow_tripdata_2022-09.parquet
[2024-06-17T17:38:01.337+0000] {logging_mixin.py:151} INFO - Reading parquet file: data/2022/green_tripdata_2022-10.parquet
[2024-06-17T17:38:01.338+0000] {logging_mixin.py:151} INFO - Reading parquet file: data/2022/green_tripdata_2022-12.parquet
[2024-06-17T17:38:01.338+0000] {logging_mixin.py:151} INFO - Reading parquet file: data/2022/yellow_tripdata_2022-07.parquet
[2024-06-17T17:38:01.338+0000] {logging_mixin.py:151} INFO - Reading parquet file: data/2022/green_tripdata_2022-03.parquet
[2024-06-17T17:38:01.338+0000] {logging_mixin.py:151} INFO - Reading parquet file: data/2022/green_tripdata_2022-01.parquet
[2024-06-17T17:38:01.338+0000] {logging_mixin.py:151} INFO - Reading parquet file: data/2022/green_tripdata_2022-05.parquet
[2024-06-17T17:38:01.338+0000] {logging_mixin.py:151} INFO - Reading parquet file: data/2022/green_tripdata_2022-08.parquet
[2024-06-17T17:38:01.338+0000] {logging_mixin.py:151} INFO - Reading parquet file: data/2022/green_tripdata_2022-07.parquet
[2024-06-17T17:38:01.338+0000] {logging_mixin.py:151} INFO - Reading parquet file: data/2022/green_tripdata_2022-04.parquet
[2024-06-17T17:38:01.338+0000] {logging_mixin.py:151} INFO - Reading parquet file: data/2022/green_tripdata_2022-06.parquet
[2024-06-17T17:38:01.338+0000] {logging_mixin.py:151} INFO - Reading parquet file: data/2022/yellow_tripdata_2022-01.parquet
[2024-06-17T17:38:01.338+0000] {logging_mixin.py:151} INFO - Reading parquet file: data/2022/yellow_tripdata_2022-03.parquet
[2024-06-17T17:38:01.338+0000] {logging_mixin.py:151} INFO - Reading parquet file: data/2022/green_tripdata_2022-02.parquet
[2024-06-17T17:38:01.338+0000] {logging_mixin.py:151} INFO - Reading parquet file: data/2022/green_tripdata_2022-09.parquet
[2024-06-17T17:38:01.339+0000] {logging_mixin.py:151} INFO - Reading parquet file: data/2022/yellow_tripdata_2022-11.parquet
[2024-06-17T17:38:01.339+0000] {logging_mixin.py:151} INFO - Reading parquet file: data/2022/yellow_tripdata_2022-06.parquet
[2024-06-17T17:38:01.339+0000] {logging_mixin.py:151} INFO - Reading parquet file: data/2022/yellow_tripdata_2022-08.parquet
[2024-06-17T17:38:01.339+0000] {logging_mixin.py:151} INFO - Reading parquet file: data/2022/yellow_tripdata_2022-04.parquet
[2024-06-17T17:38:01.339+0000] {logging_mixin.py:151} INFO - Reading parquet file: data/2022/yellow_tripdata_2022-10.parquet
[2024-06-17T17:38:01.339+0000] {logging_mixin.py:151} INFO - Reading parquet file: data/2022/yellow_tripdata_2022-02.parquet
[2024-06-17T17:38:01.339+0000] {logging_mixin.py:151} INFO - Reading parquet file: data/2022/green_tripdata_2022-11.parquet
[2024-06-17T17:38:01.339+0000] {python.py:194} INFO - Done. Returned value was: None
[2024-06-17T17:38:01.351+0000] {taskinstance.py:1398} INFO - Marking task as SUCCESS. dag_id=elt_pipeline, task_id=transform, execution_date=20240617T173754, start_date=20240617T173800, end_date=20240617T173801
[2024-06-17T17:38:01.408+0000] {local_task_job_runner.py:228} INFO - Task exited with return code 0
[2024-06-17T17:38:01.428+0000] {taskinstance.py:2776} INFO - 0 downstream tasks scheduled from follow-on schedule check
