[2024-06-17T17:44:13.949+0000] {taskinstance.py:1157} INFO - Dependencies all met for dep_context=non-requeueable deps ti=<TaskInstance: elt_pipeline.extract_load manual__2024-06-17T17:44:12.446965+00:00 [queued]>
[2024-06-17T17:44:13.956+0000] {taskinstance.py:1157} INFO - Dependencies all met for dep_context=requeueable deps ti=<TaskInstance: elt_pipeline.extract_load manual__2024-06-17T17:44:12.446965+00:00 [queued]>
[2024-06-17T17:44:13.956+0000] {taskinstance.py:1359} INFO - Starting attempt 1 of 2
[2024-06-17T17:44:13.966+0000] {taskinstance.py:1380} INFO - Executing <Task(PythonOperator): extract_load> on 2024-06-17 17:44:12.446965+00:00
[2024-06-17T17:44:13.973+0000] {standard_task_runner.py:57} INFO - Started process 803 to run task
[2024-06-17T17:44:13.977+0000] {standard_task_runner.py:84} INFO - Running: ['***', 'tasks', 'run', 'elt_pipeline', 'extract_load', 'manual__2024-06-17T17:44:12.446965+00:00', '--job-id', '264', '--raw', '--subdir', 'DAGS_FOLDER/elt_pipeline_dag.py', '--cfg-path', '/tmp/tmprkv6xucl']
[2024-06-17T17:44:13.979+0000] {standard_task_runner.py:85} INFO - Job 264: Subtask extract_load
[2024-06-17T17:44:14.026+0000] {task_command.py:415} INFO - Running <TaskInstance: elt_pipeline.extract_load manual__2024-06-17T17:44:12.446965+00:00 [running]> on host bf1afdb2f840
[2024-06-17T17:44:14.257+0000] {taskinstance.py:1660} INFO - Exporting env vars: AIRFLOW_CTX_DAG_EMAIL='admin@localhost.com' AIRFLOW_CTX_DAG_OWNER='t.nhatnguyen' AIRFLOW_CTX_DAG_ID='elt_pipeline' AIRFLOW_CTX_TASK_ID='extract_load' AIRFLOW_CTX_EXECUTION_DATE='2024-06-17T17:44:12.446965+00:00' AIRFLOW_CTX_TRY_NUMBER='1' AIRFLOW_CTX_DAG_RUN_ID='manual__2024-06-17T17:44:12.446965+00:00'
[2024-06-17T17:44:14.259+0000] {logging_mixin.py:151} INFO - {'endpoint': 'minio:9000', 'bucket_name': 'delta', 'folder_name': 'test', 'access_key': 'minio_access_key', 'secret_key': 'minio_secret_key'}
[2024-06-17T17:44:14.264+0000] {logging_mixin.py:151} INFO - Bucket delta already exists, skip creating!
[2024-06-17T17:44:14.265+0000] {logging_mixin.py:151} INFO - Uploading data/2022/yellow_tripdata_2022-05.parquet
[2024-06-17T17:44:14.536+0000] {logging_mixin.py:151} INFO - Uploading data/2022/yellow_tripdata_2022-12.parquet
[2024-06-17T17:44:15.074+0000] {logging_mixin.py:151} INFO - Uploading data/2022/yellow_tripdata_2022-09.parquet
[2024-06-17T17:44:15.446+0000] {logging_mixin.py:151} INFO - Uploading data/2022/green_tripdata_2022-10.parquet
[2024-06-17T17:44:15.493+0000] {logging_mixin.py:151} INFO - Uploading data/2022/green_tripdata_2022-12.parquet
[2024-06-17T17:44:15.510+0000] {logging_mixin.py:151} INFO - Uploading data/2022/yellow_tripdata_2022-07.parquet
[2024-06-17T17:44:15.930+0000] {logging_mixin.py:151} INFO - Uploading data/2022/green_tripdata_2022-03.parquet
[2024-06-17T17:44:15.948+0000] {logging_mixin.py:151} INFO - Uploading data/2022/green_tripdata_2022-01.parquet
[2024-06-17T17:44:15.965+0000] {logging_mixin.py:151} INFO - Uploading data/2022/green_tripdata_2022-05.parquet
[2024-06-17T17:44:15.983+0000] {logging_mixin.py:151} INFO - Uploading data/2022/green_tripdata_2022-08.parquet
[2024-06-17T17:44:16.000+0000] {logging_mixin.py:151} INFO - Uploading data/2022/green_tripdata_2022-07.parquet
[2024-06-17T17:44:16.031+0000] {logging_mixin.py:151} INFO - Uploading data/2022/green_tripdata_2022-04.parquet
[2024-06-17T17:44:16.076+0000] {logging_mixin.py:151} INFO - Uploading data/2022/green_tripdata_2022-06.parquet
[2024-06-17T17:44:16.094+0000] {logging_mixin.py:151} INFO - Uploading data/2022/yellow_tripdata_2022-01.parquet
[2024-06-17T17:44:16.399+0000] {logging_mixin.py:151} INFO - Uploading data/2022/yellow_tripdata_2022-03.parquet
[2024-06-17T17:44:17.047+0000] {logging_mixin.py:151} INFO - Uploading data/2022/green_tripdata_2022-02.parquet
[2024-06-17T17:44:17.075+0000] {logging_mixin.py:151} INFO - Uploading data/2022/green_tripdata_2022-09.parquet
[2024-06-17T17:44:17.121+0000] {logging_mixin.py:151} INFO - Uploading data/2022/yellow_tripdata_2022-11.parquet
[2024-06-17T17:44:17.507+0000] {logging_mixin.py:151} INFO - Uploading data/2022/yellow_tripdata_2022-06.parquet
[2024-06-17T17:44:18.014+0000] {logging_mixin.py:151} INFO - Uploading data/2022/yellow_tripdata_2022-08.parquet
[2024-06-17T17:44:18.429+0000] {logging_mixin.py:151} INFO - Uploading data/2022/yellow_tripdata_2022-04.parquet
[2024-06-17T17:44:18.921+0000] {logging_mixin.py:151} INFO - Uploading data/2022/yellow_tripdata_2022-10.parquet
[2024-06-17T17:44:19.439+0000] {logging_mixin.py:151} INFO - Uploading data/2022/yellow_tripdata_2022-02.parquet
[2024-06-17T17:44:19.796+0000] {logging_mixin.py:151} INFO - Uploading data/2022/green_tripdata_2022-11.parquet
[2024-06-17T17:44:19.832+0000] {python.py:194} INFO - Done. Returned value was: None
[2024-06-17T17:44:19.843+0000] {taskinstance.py:1398} INFO - Marking task as SUCCESS. dag_id=elt_pipeline, task_id=extract_load, execution_date=20240617T174412, start_date=20240617T174413, end_date=20240617T174419
[2024-06-17T17:44:19.922+0000] {local_task_job_runner.py:228} INFO - Task exited with return code 0
[2024-06-17T17:44:19.948+0000] {taskinstance.py:2776} INFO - 1 downstream tasks scheduled from follow-on schedule check
