[2024-06-21T03:44:51.954+0000] {taskinstance.py:1157} INFO - Dependencies all met for dep_context=non-requeueable deps ti=<TaskInstance: elt_pipeline.transform manual__2024-06-21T03:44:45.186828+00:00 [queued]>
[2024-06-21T03:44:51.961+0000] {taskinstance.py:1157} INFO - Dependencies all met for dep_context=requeueable deps ti=<TaskInstance: elt_pipeline.transform manual__2024-06-21T03:44:45.186828+00:00 [queued]>
[2024-06-21T03:44:51.962+0000] {taskinstance.py:1359} INFO - Starting attempt 1 of 2
[2024-06-21T03:44:51.973+0000] {taskinstance.py:1380} INFO - Executing <Task(PythonOperator): transform> on 2024-06-21 03:44:45.186828+00:00
[2024-06-21T03:44:51.981+0000] {standard_task_runner.py:57} INFO - Started process 132 to run task
[2024-06-21T03:44:51.986+0000] {standard_task_runner.py:84} INFO - Running: ['***', 'tasks', 'run', 'elt_pipeline', 'transform', 'manual__2024-06-21T03:44:45.186828+00:00', '--job-id', '385', '--raw', '--subdir', 'DAGS_FOLDER/elt_pipeline_dag.py', '--cfg-path', '/tmp/tmpbm9sq43u']
[2024-06-21T03:44:51.991+0000] {standard_task_runner.py:85} INFO - Job 385: Subtask transform
[2024-06-21T03:44:52.059+0000] {task_command.py:415} INFO - Running <TaskInstance: elt_pipeline.transform manual__2024-06-21T03:44:45.186828+00:00 [running]> on host 2f57aed1878c
[2024-06-21T03:44:52.200+0000] {taskinstance.py:1660} INFO - Exporting env vars: AIRFLOW_CTX_DAG_EMAIL='admin@localhost.com' AIRFLOW_CTX_DAG_OWNER='t.nhatnguyen' AIRFLOW_CTX_DAG_ID='elt_pipeline' AIRFLOW_CTX_TASK_ID='transform' AIRFLOW_CTX_EXECUTION_DATE='2024-06-21T03:44:45.186828+00:00' AIRFLOW_CTX_TRY_NUMBER='1' AIRFLOW_CTX_DAG_RUN_ID='manual__2024-06-21T03:44:45.186828+00:00'
[2024-06-21T03:44:52.456+0000] {logging_mixin.py:151} INFO - Bucket processed already exists, skip creating!
[2024-06-21T03:44:52.457+0000] {logging_mixin.py:151} INFO - Reading parquet file: yellow_tripdata_2022-05.parquet
[2024-06-21T03:44:53.641+0000] {logging_mixin.py:151} INFO - Dropped column store_and_fwd_flag from file: yellow_tripdata_2022-05.parquet
[2024-06-21T03:45:02.137+0000] {logging_mixin.py:151} INFO - Merged data from file: yellow_tripdata_2022-05.parquet
[2024-06-21T03:45:02.631+0000] {logging_mixin.py:151} INFO - Transformed data from file: yellow_tripdata_2022-05.parquet
[2024-06-21T03:45:04.473+0000] {logging_mixin.py:151} INFO - Finished transforming data in file: s3://processed/batch/yellow_tripdata_2022-05.parquet
[2024-06-21T03:45:04.474+0000] {logging_mixin.py:151} INFO - ==========================================================================================
[2024-06-21T03:45:09.476+0000] {logging_mixin.py:151} INFO - Reading parquet file: green_tripdata_2022-03.parquet
[2024-06-21T03:45:09.520+0000] {logging_mixin.py:151} INFO - Dropped column store_and_fwd_flag from file: green_tripdata_2022-03.parquet
[2024-06-21T03:45:09.626+0000] {logging_mixin.py:151} INFO - Merged data from file: green_tripdata_2022-03.parquet
[2024-06-21T03:45:09.635+0000] {logging_mixin.py:151} INFO - Transformed data from file: green_tripdata_2022-03.parquet
[2024-06-21T03:45:09.662+0000] {logging_mixin.py:151} INFO - Finished transforming data in file: s3://processed/batch/green_tripdata_2022-03.parquet
[2024-06-21T03:45:09.662+0000] {logging_mixin.py:151} INFO - ==========================================================================================
[2024-06-21T03:45:14.664+0000] {logging_mixin.py:151} INFO - Reading parquet file: green_tripdata_2022-01.parquet
[2024-06-21T03:45:14.687+0000] {logging_mixin.py:151} INFO - Dropped column store_and_fwd_flag from file: green_tripdata_2022-01.parquet
[2024-06-21T03:45:14.785+0000] {logging_mixin.py:151} INFO - Merged data from file: green_tripdata_2022-01.parquet
[2024-06-21T03:45:14.789+0000] {logging_mixin.py:151} INFO - Transformed data from file: green_tripdata_2022-01.parquet
[2024-06-21T03:45:14.801+0000] {logging_mixin.py:151} INFO - Finished transforming data in file: s3://processed/batch/green_tripdata_2022-01.parquet
[2024-06-21T03:45:14.801+0000] {logging_mixin.py:151} INFO - ==========================================================================================
[2024-06-21T03:45:19.804+0000] {logging_mixin.py:151} INFO - Reading parquet file: green_tripdata_2022-05.parquet
[2024-06-21T03:45:19.830+0000] {logging_mixin.py:151} INFO - Dropped column store_and_fwd_flag from file: green_tripdata_2022-05.parquet
[2024-06-21T03:45:19.919+0000] {logging_mixin.py:151} INFO - Merged data from file: green_tripdata_2022-05.parquet
[2024-06-21T03:45:19.927+0000] {logging_mixin.py:151} INFO - Transformed data from file: green_tripdata_2022-05.parquet
[2024-06-21T03:45:19.937+0000] {logging_mixin.py:151} INFO - Finished transforming data in file: s3://processed/batch/green_tripdata_2022-05.parquet
[2024-06-21T03:45:19.937+0000] {logging_mixin.py:151} INFO - ==========================================================================================
[2024-06-21T03:45:24.941+0000] {logging_mixin.py:151} INFO - Reading parquet file: green_tripdata_2022-04.parquet
[2024-06-21T03:45:24.971+0000] {logging_mixin.py:151} INFO - Dropped column store_and_fwd_flag from file: green_tripdata_2022-04.parquet
[2024-06-21T03:45:25.043+0000] {logging_mixin.py:151} INFO - Merged data from file: green_tripdata_2022-04.parquet
[2024-06-21T03:45:25.050+0000] {logging_mixin.py:151} INFO - Transformed data from file: green_tripdata_2022-04.parquet
[2024-06-21T03:45:25.064+0000] {logging_mixin.py:151} INFO - Finished transforming data in file: s3://processed/batch/green_tripdata_2022-04.parquet
[2024-06-21T03:45:25.064+0000] {logging_mixin.py:151} INFO - ==========================================================================================
[2024-06-21T03:45:30.068+0000] {logging_mixin.py:151} INFO - Reading parquet file: green_tripdata_2022-06.parquet
[2024-06-21T03:45:30.095+0000] {logging_mixin.py:151} INFO - Dropped column store_and_fwd_flag from file: green_tripdata_2022-06.parquet
[2024-06-21T03:45:30.200+0000] {logging_mixin.py:151} INFO - Merged data from file: green_tripdata_2022-06.parquet
[2024-06-21T03:45:30.204+0000] {logging_mixin.py:151} INFO - Transformed data from file: green_tripdata_2022-06.parquet
[2024-06-21T03:45:30.217+0000] {logging_mixin.py:151} INFO - Finished transforming data in file: s3://processed/batch/green_tripdata_2022-06.parquet
[2024-06-21T03:45:30.217+0000] {logging_mixin.py:151} INFO - ==========================================================================================
[2024-06-21T03:45:35.220+0000] {logging_mixin.py:151} INFO - Reading parquet file: yellow_tripdata_2022-01.parquet
[2024-06-21T03:45:35.554+0000] {logging_mixin.py:151} INFO - Dropped column store_and_fwd_flag from file: yellow_tripdata_2022-01.parquet
[2024-06-21T03:45:41.651+0000] {logging_mixin.py:151} INFO - Merged data from file: yellow_tripdata_2022-01.parquet
[2024-06-21T03:45:42.024+0000] {logging_mixin.py:151} INFO - Transformed data from file: yellow_tripdata_2022-01.parquet
[2024-06-21T03:45:43.601+0000] {logging_mixin.py:151} INFO - Finished transforming data in file: s3://processed/batch/yellow_tripdata_2022-01.parquet
[2024-06-21T03:45:43.601+0000] {logging_mixin.py:151} INFO - ==========================================================================================
[2024-06-21T03:45:48.605+0000] {logging_mixin.py:151} INFO - Reading parquet file: yellow_tripdata_2022-03.parquet
[2024-06-21T03:45:49.127+0000] {logging_mixin.py:151} INFO - Dropped column store_and_fwd_flag from file: yellow_tripdata_2022-03.parquet
[2024-06-21T03:45:54.270+0000] {local_task_job_runner.py:228} INFO - Task exited with return code -9
[2024-06-21T03:45:54.544+0000] {taskinstance.py:2776} INFO - 0 downstream tasks scheduled from follow-on schedule check
