[2024-06-17T16:18:14.717+0000] {taskinstance.py:1157} INFO - Dependencies all met for dep_context=non-requeueable deps ti=<TaskInstance: elt_pipeline.transform manual__2024-06-17T16:15:02.241568+00:00 [queued]>
[2024-06-17T16:18:14.728+0000] {taskinstance.py:1157} INFO - Dependencies all met for dep_context=requeueable deps ti=<TaskInstance: elt_pipeline.transform manual__2024-06-17T16:15:02.241568+00:00 [queued]>
[2024-06-17T16:18:14.729+0000] {taskinstance.py:1359} INFO - Starting attempt 1 of 2
[2024-06-17T16:18:14.740+0000] {taskinstance.py:1380} INFO - Executing <Task(PythonOperator): transform> on 2024-06-17 16:15:02.241568+00:00
[2024-06-17T16:18:14.746+0000] {standard_task_runner.py:57} INFO - Started process 107 to run task
[2024-06-17T16:18:14.749+0000] {standard_task_runner.py:84} INFO - Running: ['***', 'tasks', 'run', 'elt_pipeline', 'transform', 'manual__2024-06-17T16:15:02.241568+00:00', '--job-id', '148', '--raw', '--subdir', 'DAGS_FOLDER/elt_pipeline_dag.py', '--cfg-path', '/tmp/tmpeb89a7h7']
[2024-06-17T16:18:14.752+0000] {standard_task_runner.py:85} INFO - Job 148: Subtask transform
[2024-06-17T16:18:14.798+0000] {task_command.py:415} INFO - Running <TaskInstance: elt_pipeline.transform manual__2024-06-17T16:15:02.241568+00:00 [running]> on host c5bd232ea3a3
[2024-06-17T16:18:15.010+0000] {taskinstance.py:1660} INFO - Exporting env vars: AIRFLOW_CTX_DAG_EMAIL='admin@localhost.com' AIRFLOW_CTX_DAG_OWNER='t.nhatnguyen' AIRFLOW_CTX_DAG_ID='elt_pipeline' AIRFLOW_CTX_TASK_ID='transform' AIRFLOW_CTX_EXECUTION_DATE='2024-06-17T16:15:02.241568+00:00' AIRFLOW_CTX_TRY_NUMBER='1' AIRFLOW_CTX_DAG_RUN_ID='manual__2024-06-17T16:15:02.241568+00:00'
[2024-06-17T16:18:15.174+0000] {logging_mixin.py:151} INFO - {'endpoint': 'minio:9000', 'bucket_name': 'delta', 'folder_name': 'test', 'access_key': 'minio_access_key', 'secret_key': 'minio_secret_key'}
[2024-06-17T16:18:15.444+0000] {logging_mixin.py:151} INFO - Reading parquet file: test/green_tripdata_2022-01.parquet
[2024-06-17T16:18:15.576+0000] {logging_mixin.py:151} INFO - Dropped column store_and_fwd_flag from file: test/green_tripdata_2022-01.parquet
[2024-06-17T16:18:15.651+0000] {logging_mixin.py:151} INFO - Merged data from file: test/green_tripdata_2022-01.parquet
[2024-06-17T16:18:15.653+0000] {logging_mixin.py:151} INFO - Transformed data from file: test/green_tripdata_2022-01.parquet
[2024-06-17T16:18:15.692+0000] {logging_mixin.py:151} INFO - Finished transforming data in file: test/green_tripdata_2022-01.parquet
[2024-06-17T16:18:15.692+0000] {logging_mixin.py:151} INFO - ==========================================================================================
[2024-06-17T16:18:15.692+0000] {logging_mixin.py:151} INFO - Reading parquet file: test/green_tripdata_2022-02.parquet
[2024-06-17T16:18:15.734+0000] {logging_mixin.py:151} INFO - Dropped column store_and_fwd_flag from file: test/green_tripdata_2022-02.parquet
[2024-06-17T16:18:15.812+0000] {logging_mixin.py:151} INFO - Merged data from file: test/green_tripdata_2022-02.parquet
[2024-06-17T16:18:15.815+0000] {logging_mixin.py:151} INFO - Transformed data from file: test/green_tripdata_2022-02.parquet
[2024-06-17T16:18:15.851+0000] {logging_mixin.py:151} INFO - Finished transforming data in file: test/green_tripdata_2022-02.parquet
[2024-06-17T16:18:15.852+0000] {logging_mixin.py:151} INFO - ==========================================================================================
[2024-06-17T16:18:15.852+0000] {logging_mixin.py:151} INFO - Reading parquet file: test/green_tripdata_2022-03.parquet
[2024-06-17T16:18:15.904+0000] {logging_mixin.py:151} INFO - Dropped column store_and_fwd_flag from file: test/green_tripdata_2022-03.parquet
[2024-06-17T16:18:15.985+0000] {logging_mixin.py:151} INFO - Merged data from file: test/green_tripdata_2022-03.parquet
[2024-06-17T16:18:15.987+0000] {logging_mixin.py:151} INFO - Transformed data from file: test/green_tripdata_2022-03.parquet
[2024-06-17T16:18:16.000+0000] {logging_mixin.py:151} INFO - Finished transforming data in file: test/green_tripdata_2022-03.parquet
[2024-06-17T16:18:16.001+0000] {logging_mixin.py:151} INFO - ==========================================================================================
[2024-06-17T16:18:16.001+0000] {logging_mixin.py:151} INFO - Reading parquet file: test/green_tripdata_2022-04.parquet
[2024-06-17T16:18:16.059+0000] {logging_mixin.py:151} INFO - Dropped column store_and_fwd_flag from file: test/green_tripdata_2022-04.parquet
[2024-06-17T16:18:16.149+0000] {logging_mixin.py:151} INFO - Merged data from file: test/green_tripdata_2022-04.parquet
[2024-06-17T16:18:16.151+0000] {logging_mixin.py:151} INFO - Transformed data from file: test/green_tripdata_2022-04.parquet
[2024-06-17T16:18:16.161+0000] {logging_mixin.py:151} INFO - Finished transforming data in file: test/green_tripdata_2022-04.parquet
[2024-06-17T16:18:16.162+0000] {logging_mixin.py:151} INFO - ==========================================================================================
[2024-06-17T16:18:16.162+0000] {logging_mixin.py:151} INFO - Reading parquet file: test/green_tripdata_2022-05.parquet
[2024-06-17T16:18:16.207+0000] {logging_mixin.py:151} INFO - Dropped column store_and_fwd_flag from file: test/green_tripdata_2022-05.parquet
[2024-06-17T16:18:16.282+0000] {logging_mixin.py:151} INFO - Merged data from file: test/green_tripdata_2022-05.parquet
[2024-06-17T16:18:16.285+0000] {logging_mixin.py:151} INFO - Transformed data from file: test/green_tripdata_2022-05.parquet
[2024-06-17T16:18:16.298+0000] {logging_mixin.py:151} INFO - Finished transforming data in file: test/green_tripdata_2022-05.parquet
[2024-06-17T16:18:16.298+0000] {logging_mixin.py:151} INFO - ==========================================================================================
[2024-06-17T16:18:16.298+0000] {logging_mixin.py:151} INFO - Reading parquet file: test/green_tripdata_2022-06.parquet
[2024-06-17T16:18:16.344+0000] {logging_mixin.py:151} INFO - Dropped column store_and_fwd_flag from file: test/green_tripdata_2022-06.parquet
[2024-06-17T16:18:16.418+0000] {logging_mixin.py:151} INFO - Merged data from file: test/green_tripdata_2022-06.parquet
[2024-06-17T16:18:16.420+0000] {logging_mixin.py:151} INFO - Transformed data from file: test/green_tripdata_2022-06.parquet
[2024-06-17T16:18:16.458+0000] {logging_mixin.py:151} INFO - Finished transforming data in file: test/green_tripdata_2022-06.parquet
[2024-06-17T16:18:16.459+0000] {logging_mixin.py:151} INFO - ==========================================================================================
[2024-06-17T16:18:16.459+0000] {logging_mixin.py:151} INFO - Reading parquet file: test/green_tripdata_2022-07.parquet
[2024-06-17T16:18:16.510+0000] {logging_mixin.py:151} INFO - Dropped column store_and_fwd_flag from file: test/green_tripdata_2022-07.parquet
[2024-06-17T16:18:16.597+0000] {logging_mixin.py:151} INFO - Merged data from file: test/green_tripdata_2022-07.parquet
[2024-06-17T16:18:16.599+0000] {logging_mixin.py:151} INFO - Transformed data from file: test/green_tripdata_2022-07.parquet
[2024-06-17T16:18:16.609+0000] {logging_mixin.py:151} INFO - Finished transforming data in file: test/green_tripdata_2022-07.parquet
[2024-06-17T16:18:16.610+0000] {logging_mixin.py:151} INFO - ==========================================================================================
[2024-06-17T16:18:16.610+0000] {logging_mixin.py:151} INFO - Reading parquet file: test/green_tripdata_2022-08.parquet
[2024-06-17T16:18:16.653+0000] {logging_mixin.py:151} INFO - Dropped column store_and_fwd_flag from file: test/green_tripdata_2022-08.parquet
[2024-06-17T16:18:16.717+0000] {logging_mixin.py:151} INFO - Merged data from file: test/green_tripdata_2022-08.parquet
[2024-06-17T16:18:16.719+0000] {logging_mixin.py:151} INFO - Transformed data from file: test/green_tripdata_2022-08.parquet
[2024-06-17T16:18:16.754+0000] {logging_mixin.py:151} INFO - Finished transforming data in file: test/green_tripdata_2022-08.parquet
[2024-06-17T16:18:16.755+0000] {logging_mixin.py:151} INFO - ==========================================================================================
[2024-06-17T16:18:16.755+0000] {logging_mixin.py:151} INFO - Reading parquet file: test/green_tripdata_2022-09.parquet
[2024-06-17T16:18:16.797+0000] {logging_mixin.py:151} INFO - Dropped column store_and_fwd_flag from file: test/green_tripdata_2022-09.parquet
[2024-06-17T16:18:16.870+0000] {logging_mixin.py:151} INFO - Merged data from file: test/green_tripdata_2022-09.parquet
[2024-06-17T16:18:16.873+0000] {logging_mixin.py:151} INFO - Transformed data from file: test/green_tripdata_2022-09.parquet
[2024-06-17T16:18:16.909+0000] {logging_mixin.py:151} INFO - Finished transforming data in file: test/green_tripdata_2022-09.parquet
[2024-06-17T16:18:16.909+0000] {logging_mixin.py:151} INFO - ==========================================================================================
[2024-06-17T16:18:16.909+0000] {logging_mixin.py:151} INFO - Reading parquet file: test/green_tripdata_2022-10.parquet
[2024-06-17T16:18:16.947+0000] {logging_mixin.py:151} INFO - Dropped column store_and_fwd_flag from file: test/green_tripdata_2022-10.parquet
[2024-06-17T16:18:17.015+0000] {logging_mixin.py:151} INFO - Merged data from file: test/green_tripdata_2022-10.parquet
[2024-06-17T16:18:17.017+0000] {logging_mixin.py:151} INFO - Transformed data from file: test/green_tripdata_2022-10.parquet
[2024-06-17T16:18:17.053+0000] {logging_mixin.py:151} INFO - Finished transforming data in file: test/green_tripdata_2022-10.parquet
[2024-06-17T16:18:17.054+0000] {logging_mixin.py:151} INFO - ==========================================================================================
[2024-06-17T16:18:17.054+0000] {logging_mixin.py:151} INFO - Reading parquet file: test/green_tripdata_2022-11.parquet
[2024-06-17T16:18:17.091+0000] {logging_mixin.py:151} INFO - Dropped column store_and_fwd_flag from file: test/green_tripdata_2022-11.parquet
[2024-06-17T16:18:17.151+0000] {logging_mixin.py:151} INFO - Merged data from file: test/green_tripdata_2022-11.parquet
[2024-06-17T16:18:17.153+0000] {logging_mixin.py:151} INFO - Transformed data from file: test/green_tripdata_2022-11.parquet
[2024-06-17T16:18:17.168+0000] {logging_mixin.py:151} INFO - Finished transforming data in file: test/green_tripdata_2022-11.parquet
[2024-06-17T16:18:17.168+0000] {logging_mixin.py:151} INFO - ==========================================================================================
[2024-06-17T16:18:17.168+0000] {logging_mixin.py:151} INFO - Reading parquet file: test/green_tripdata_2022-12.parquet
[2024-06-17T16:18:17.216+0000] {logging_mixin.py:151} INFO - Dropped column store_and_fwd_flag from file: test/green_tripdata_2022-12.parquet
[2024-06-17T16:18:17.282+0000] {logging_mixin.py:151} INFO - Merged data from file: test/green_tripdata_2022-12.parquet
[2024-06-17T16:18:17.285+0000] {logging_mixin.py:151} INFO - Transformed data from file: test/green_tripdata_2022-12.parquet
[2024-06-17T16:18:17.297+0000] {logging_mixin.py:151} INFO - Finished transforming data in file: test/green_tripdata_2022-12.parquet
[2024-06-17T16:18:17.297+0000] {logging_mixin.py:151} INFO - ==========================================================================================
[2024-06-17T16:18:17.297+0000] {logging_mixin.py:151} INFO - Reading parquet file: test/yellow_tripdata_2022-01.parquet
[2024-06-17T16:18:18.399+0000] {logging_mixin.py:151} INFO - Dropped column store_and_fwd_flag from file: test/yellow_tripdata_2022-01.parquet
[2024-06-17T16:18:24.228+0000] {logging_mixin.py:151} INFO - Merged data from file: test/yellow_tripdata_2022-01.parquet
[2024-06-17T16:18:24.487+0000] {logging_mixin.py:151} INFO - Transformed data from file: test/yellow_tripdata_2022-01.parquet
[2024-06-17T16:18:25.935+0000] {logging_mixin.py:151} INFO - Finished transforming data in file: test/yellow_tripdata_2022-01.parquet
[2024-06-17T16:18:25.936+0000] {logging_mixin.py:151} INFO - ==========================================================================================
[2024-06-17T16:18:25.936+0000] {logging_mixin.py:151} INFO - Reading parquet file: test/yellow_tripdata_2022-02.parquet
[2024-06-17T16:18:26.520+0000] {logging_mixin.py:151} INFO - Dropped column store_and_fwd_flag from file: test/yellow_tripdata_2022-02.parquet
[2024-06-17T16:18:33.064+0000] {logging_mixin.py:151} INFO - Merged data from file: test/yellow_tripdata_2022-02.parquet
[2024-06-17T16:18:33.512+0000] {logging_mixin.py:151} INFO - Transformed data from file: test/yellow_tripdata_2022-02.parquet
[2024-06-17T16:18:35.337+0000] {logging_mixin.py:151} INFO - Finished transforming data in file: test/yellow_tripdata_2022-02.parquet
[2024-06-17T16:18:35.337+0000] {logging_mixin.py:151} INFO - ==========================================================================================
[2024-06-17T16:18:35.337+0000] {logging_mixin.py:151} INFO - Reading parquet file: test/yellow_tripdata_2022-03.parquet
[2024-06-17T16:18:36.137+0000] {logging_mixin.py:151} INFO - Dropped column store_and_fwd_flag from file: test/yellow_tripdata_2022-03.parquet
[2024-06-17T16:18:46.574+0000] {logging_mixin.py:151} INFO - Merged data from file: test/yellow_tripdata_2022-03.parquet
[2024-06-17T16:18:46.971+0000] {logging_mixin.py:151} INFO - Transformed data from file: test/yellow_tripdata_2022-03.parquet
[2024-06-17T16:18:49.779+0000] {logging_mixin.py:151} INFO - Finished transforming data in file: test/yellow_tripdata_2022-03.parquet
[2024-06-17T16:18:49.779+0000] {logging_mixin.py:151} INFO - ==========================================================================================
[2024-06-17T16:18:49.779+0000] {logging_mixin.py:151} INFO - Reading parquet file: test/yellow_tripdata_2022-04.parquet
[2024-06-17T16:18:50.494+0000] {logging_mixin.py:151} INFO - Dropped column store_and_fwd_flag from file: test/yellow_tripdata_2022-04.parquet
