[2024-06-17T17:01:23.380+0000] {taskinstance.py:1157} INFO - Dependencies all met for dep_context=non-requeueable deps ti=<TaskInstance: elt_pipeline.transform manual__2024-06-17T16:15:02.241568+00:00 [queued]>
[2024-06-17T17:01:23.390+0000] {taskinstance.py:1157} INFO - Dependencies all met for dep_context=requeueable deps ti=<TaskInstance: elt_pipeline.transform manual__2024-06-17T16:15:02.241568+00:00 [queued]>
[2024-06-17T17:01:23.391+0000] {taskinstance.py:1359} INFO - Starting attempt 2 of 2
[2024-06-17T17:01:23.405+0000] {taskinstance.py:1380} INFO - Executing <Task(PythonOperator): transform> on 2024-06-17 16:15:02.241568+00:00
[2024-06-17T17:01:23.415+0000] {standard_task_runner.py:57} INFO - Started process 122 to run task
[2024-06-17T17:01:23.418+0000] {standard_task_runner.py:84} INFO - Running: ['***', 'tasks', 'run', 'elt_pipeline', 'transform', 'manual__2024-06-17T16:15:02.241568+00:00', '--job-id', '217', '--raw', '--subdir', 'DAGS_FOLDER/elt_pipeline_dag.py', '--cfg-path', '/tmp/tmppabvthqu']
[2024-06-17T17:01:23.421+0000] {standard_task_runner.py:85} INFO - Job 217: Subtask transform
[2024-06-17T17:01:23.468+0000] {task_command.py:415} INFO - Running <TaskInstance: elt_pipeline.transform manual__2024-06-17T16:15:02.241568+00:00 [running]> on host bf1afdb2f840
[2024-06-17T17:01:23.693+0000] {taskinstance.py:1660} INFO - Exporting env vars: AIRFLOW_CTX_DAG_EMAIL='admin@localhost.com' AIRFLOW_CTX_DAG_OWNER='t.nhatnguyen' AIRFLOW_CTX_DAG_ID='elt_pipeline' AIRFLOW_CTX_TASK_ID='transform' AIRFLOW_CTX_EXECUTION_DATE='2024-06-17T16:15:02.241568+00:00' AIRFLOW_CTX_TRY_NUMBER='2' AIRFLOW_CTX_DAG_RUN_ID='manual__2024-06-17T16:15:02.241568+00:00'
[2024-06-17T17:01:24.461+0000] {logging_mixin.py:151} INFO - {'endpoint': 'minio:9000', 'bucket_name': 'delta', 'folder_name': 'test', 'access_key': 'minio_access_key', 'secret_key': 'minio_secret_key'}
[2024-06-17T17:01:25.089+0000] {logging_mixin.py:151} INFO - Reading parquet file: test/green_tripdata_2022-01.parquet
[2024-06-17T17:01:25.239+0000] {logging_mixin.py:151} INFO - Dropped column store_and_fwd_flag from file: test/green_tripdata_2022-01.parquet
[2024-06-17T17:01:25.344+0000] {logging_mixin.py:151} INFO - Merged data from file: test/green_tripdata_2022-01.parquet
[2024-06-17T17:01:25.347+0000] {logging_mixin.py:151} INFO - Transformed data from file: test/green_tripdata_2022-01.parquet
[2024-06-17T17:01:25.362+0000] {logging_mixin.py:151} INFO - Finished transforming data in file: test/green_tripdata_2022-01.parquet
[2024-06-17T17:01:25.362+0000] {logging_mixin.py:151} INFO - ==========================================================================================
[2024-06-17T17:01:25.363+0000] {logging_mixin.py:151} INFO - Reading parquet file: test/green_tripdata_2022-02.parquet
[2024-06-17T17:01:25.400+0000] {logging_mixin.py:151} INFO - Dropped column store_and_fwd_flag from file: test/green_tripdata_2022-02.parquet
[2024-06-17T17:01:25.513+0000] {logging_mixin.py:151} INFO - Merged data from file: test/green_tripdata_2022-02.parquet
[2024-06-17T17:01:25.516+0000] {logging_mixin.py:151} INFO - Transformed data from file: test/green_tripdata_2022-02.parquet
[2024-06-17T17:01:25.584+0000] {logging_mixin.py:151} INFO - Finished transforming data in file: test/green_tripdata_2022-02.parquet
[2024-06-17T17:01:25.584+0000] {logging_mixin.py:151} INFO - ==========================================================================================
[2024-06-17T17:01:25.584+0000] {logging_mixin.py:151} INFO - Reading parquet file: test/green_tripdata_2022-03.parquet
[2024-06-17T17:01:25.631+0000] {logging_mixin.py:151} INFO - Dropped column store_and_fwd_flag from file: test/green_tripdata_2022-03.parquet
[2024-06-17T17:01:25.725+0000] {logging_mixin.py:151} INFO - Merged data from file: test/green_tripdata_2022-03.parquet
[2024-06-17T17:01:25.729+0000] {logging_mixin.py:151} INFO - Transformed data from file: test/green_tripdata_2022-03.parquet
[2024-06-17T17:01:25.781+0000] {logging_mixin.py:151} INFO - Finished transforming data in file: test/green_tripdata_2022-03.parquet
[2024-06-17T17:01:25.781+0000] {logging_mixin.py:151} INFO - ==========================================================================================
[2024-06-17T17:01:25.781+0000] {logging_mixin.py:151} INFO - Reading parquet file: test/green_tripdata_2022-04.parquet
[2024-06-17T17:01:25.824+0000] {logging_mixin.py:151} INFO - Dropped column store_and_fwd_flag from file: test/green_tripdata_2022-04.parquet
[2024-06-17T17:01:25.912+0000] {logging_mixin.py:151} INFO - Merged data from file: test/green_tripdata_2022-04.parquet
[2024-06-17T17:01:25.914+0000] {logging_mixin.py:151} INFO - Transformed data from file: test/green_tripdata_2022-04.parquet
[2024-06-17T17:01:25.924+0000] {logging_mixin.py:151} INFO - Finished transforming data in file: test/green_tripdata_2022-04.parquet
[2024-06-17T17:01:25.925+0000] {logging_mixin.py:151} INFO - ==========================================================================================
[2024-06-17T17:01:25.925+0000] {logging_mixin.py:151} INFO - Reading parquet file: test/green_tripdata_2022-05.parquet
[2024-06-17T17:01:25.990+0000] {logging_mixin.py:151} INFO - Dropped column store_and_fwd_flag from file: test/green_tripdata_2022-05.parquet
[2024-06-17T17:01:26.093+0000] {logging_mixin.py:151} INFO - Merged data from file: test/green_tripdata_2022-05.parquet
[2024-06-17T17:01:26.098+0000] {logging_mixin.py:151} INFO - Transformed data from file: test/green_tripdata_2022-05.parquet
[2024-06-17T17:01:26.128+0000] {logging_mixin.py:151} INFO - Finished transforming data in file: test/green_tripdata_2022-05.parquet
[2024-06-17T17:01:26.129+0000] {logging_mixin.py:151} INFO - ==========================================================================================
[2024-06-17T17:01:26.129+0000] {logging_mixin.py:151} INFO - Reading parquet file: test/green_tripdata_2022-06.parquet
[2024-06-17T17:01:26.195+0000] {logging_mixin.py:151} INFO - Dropped column store_and_fwd_flag from file: test/green_tripdata_2022-06.parquet
[2024-06-17T17:01:26.284+0000] {logging_mixin.py:151} INFO - Merged data from file: test/green_tripdata_2022-06.parquet
[2024-06-17T17:01:26.286+0000] {logging_mixin.py:151} INFO - Transformed data from file: test/green_tripdata_2022-06.parquet
[2024-06-17T17:01:26.312+0000] {logging_mixin.py:151} INFO - Finished transforming data in file: test/green_tripdata_2022-06.parquet
[2024-06-17T17:01:26.312+0000] {logging_mixin.py:151} INFO - ==========================================================================================
[2024-06-17T17:01:26.312+0000] {logging_mixin.py:151} INFO - Reading parquet file: test/green_tripdata_2022-07.parquet
[2024-06-17T17:01:26.381+0000] {logging_mixin.py:151} INFO - Dropped column store_and_fwd_flag from file: test/green_tripdata_2022-07.parquet
[2024-06-17T17:01:26.448+0000] {logging_mixin.py:151} INFO - Merged data from file: test/green_tripdata_2022-07.parquet
[2024-06-17T17:01:26.451+0000] {logging_mixin.py:151} INFO - Transformed data from file: test/green_tripdata_2022-07.parquet
[2024-06-17T17:01:26.510+0000] {logging_mixin.py:151} INFO - Finished transforming data in file: test/green_tripdata_2022-07.parquet
[2024-06-17T17:01:26.510+0000] {logging_mixin.py:151} INFO - ==========================================================================================
[2024-06-17T17:01:26.510+0000] {logging_mixin.py:151} INFO - Reading parquet file: test/green_tripdata_2022-08.parquet
[2024-06-17T17:01:26.614+0000] {logging_mixin.py:151} INFO - Dropped column store_and_fwd_flag from file: test/green_tripdata_2022-08.parquet
[2024-06-17T17:01:26.709+0000] {logging_mixin.py:151} INFO - Merged data from file: test/green_tripdata_2022-08.parquet
[2024-06-17T17:01:26.712+0000] {logging_mixin.py:151} INFO - Transformed data from file: test/green_tripdata_2022-08.parquet
[2024-06-17T17:01:26.779+0000] {logging_mixin.py:151} INFO - Finished transforming data in file: test/green_tripdata_2022-08.parquet
[2024-06-17T17:01:26.779+0000] {logging_mixin.py:151} INFO - ==========================================================================================
[2024-06-17T17:01:26.780+0000] {logging_mixin.py:151} INFO - Reading parquet file: test/green_tripdata_2022-09.parquet
[2024-06-17T17:01:26.825+0000] {logging_mixin.py:151} INFO - Dropped column store_and_fwd_flag from file: test/green_tripdata_2022-09.parquet
[2024-06-17T17:01:26.906+0000] {logging_mixin.py:151} INFO - Merged data from file: test/green_tripdata_2022-09.parquet
[2024-06-17T17:01:26.909+0000] {logging_mixin.py:151} INFO - Transformed data from file: test/green_tripdata_2022-09.parquet
[2024-06-17T17:01:27.025+0000] {logging_mixin.py:151} INFO - Finished transforming data in file: test/green_tripdata_2022-09.parquet
[2024-06-17T17:01:27.025+0000] {logging_mixin.py:151} INFO - ==========================================================================================
[2024-06-17T17:01:27.025+0000] {logging_mixin.py:151} INFO - Reading parquet file: test/green_tripdata_2022-10.parquet
[2024-06-17T17:01:27.066+0000] {logging_mixin.py:151} INFO - Dropped column store_and_fwd_flag from file: test/green_tripdata_2022-10.parquet
[2024-06-17T17:01:27.137+0000] {logging_mixin.py:151} INFO - Merged data from file: test/green_tripdata_2022-10.parquet
[2024-06-17T17:01:27.140+0000] {logging_mixin.py:151} INFO - Transformed data from file: test/green_tripdata_2022-10.parquet
[2024-06-17T17:01:27.163+0000] {logging_mixin.py:151} INFO - Finished transforming data in file: test/green_tripdata_2022-10.parquet
[2024-06-17T17:01:27.163+0000] {logging_mixin.py:151} INFO - ==========================================================================================
[2024-06-17T17:01:27.163+0000] {logging_mixin.py:151} INFO - Reading parquet file: test/green_tripdata_2022-11.parquet
[2024-06-17T17:01:27.206+0000] {logging_mixin.py:151} INFO - Dropped column store_and_fwd_flag from file: test/green_tripdata_2022-11.parquet
[2024-06-17T17:01:27.272+0000] {logging_mixin.py:151} INFO - Merged data from file: test/green_tripdata_2022-11.parquet
[2024-06-17T17:01:27.276+0000] {logging_mixin.py:151} INFO - Transformed data from file: test/green_tripdata_2022-11.parquet
[2024-06-17T17:01:27.285+0000] {logging_mixin.py:151} INFO - Finished transforming data in file: test/green_tripdata_2022-11.parquet
[2024-06-17T17:01:27.286+0000] {logging_mixin.py:151} INFO - ==========================================================================================
[2024-06-17T17:01:27.286+0000] {logging_mixin.py:151} INFO - Reading parquet file: test/green_tripdata_2022-12.parquet
[2024-06-17T17:01:27.325+0000] {logging_mixin.py:151} INFO - Dropped column store_and_fwd_flag from file: test/green_tripdata_2022-12.parquet
[2024-06-17T17:01:27.394+0000] {logging_mixin.py:151} INFO - Merged data from file: test/green_tripdata_2022-12.parquet
[2024-06-17T17:01:27.397+0000] {logging_mixin.py:151} INFO - Transformed data from file: test/green_tripdata_2022-12.parquet
[2024-06-17T17:01:27.409+0000] {logging_mixin.py:151} INFO - Finished transforming data in file: test/green_tripdata_2022-12.parquet
[2024-06-17T17:01:27.410+0000] {logging_mixin.py:151} INFO - ==========================================================================================
[2024-06-17T17:01:27.410+0000] {logging_mixin.py:151} INFO - Reading parquet file: test/yellow_tripdata_2022-01.parquet
[2024-06-17T17:01:28.264+0000] {logging_mixin.py:151} INFO - Dropped column store_and_fwd_flag from file: test/yellow_tripdata_2022-01.parquet
[2024-06-17T17:01:33.172+0000] {logging_mixin.py:151} INFO - Merged data from file: test/yellow_tripdata_2022-01.parquet
[2024-06-17T17:01:33.504+0000] {logging_mixin.py:151} INFO - Transformed data from file: test/yellow_tripdata_2022-01.parquet
[2024-06-17T17:01:34.999+0000] {logging_mixin.py:151} INFO - Finished transforming data in file: test/yellow_tripdata_2022-01.parquet
[2024-06-17T17:01:34.999+0000] {logging_mixin.py:151} INFO - ==========================================================================================
[2024-06-17T17:01:34.999+0000] {logging_mixin.py:151} INFO - Reading parquet file: test/yellow_tripdata_2022-02.parquet
[2024-06-17T17:01:35.540+0000] {logging_mixin.py:151} INFO - Dropped column store_and_fwd_flag from file: test/yellow_tripdata_2022-02.parquet
[2024-06-17T17:01:40.934+0000] {logging_mixin.py:151} INFO - Merged data from file: test/yellow_tripdata_2022-02.parquet
[2024-06-17T17:01:41.186+0000] {logging_mixin.py:151} INFO - Transformed data from file: test/yellow_tripdata_2022-02.parquet
[2024-06-17T17:01:42.826+0000] {logging_mixin.py:151} INFO - Finished transforming data in file: test/yellow_tripdata_2022-02.parquet
[2024-06-17T17:01:42.826+0000] {logging_mixin.py:151} INFO - ==========================================================================================
[2024-06-17T17:01:42.826+0000] {logging_mixin.py:151} INFO - Reading parquet file: test/yellow_tripdata_2022-03.parquet
[2024-06-17T17:01:43.508+0000] {logging_mixin.py:151} INFO - Dropped column store_and_fwd_flag from file: test/yellow_tripdata_2022-03.parquet
[2024-06-17T17:01:49.280+0000] {logging_mixin.py:151} INFO - Merged data from file: test/yellow_tripdata_2022-03.parquet
[2024-06-17T17:01:49.588+0000] {logging_mixin.py:151} INFO - Transformed data from file: test/yellow_tripdata_2022-03.parquet
[2024-06-17T17:01:51.713+0000] {logging_mixin.py:151} INFO - Finished transforming data in file: test/yellow_tripdata_2022-03.parquet
[2024-06-17T17:01:51.714+0000] {logging_mixin.py:151} INFO - ==========================================================================================
[2024-06-17T17:01:51.714+0000] {logging_mixin.py:151} INFO - Reading parquet file: test/yellow_tripdata_2022-04.parquet
[2024-06-17T17:01:52.334+0000] {logging_mixin.py:151} INFO - Dropped column store_and_fwd_flag from file: test/yellow_tripdata_2022-04.parquet
[2024-06-17T17:01:57.467+0000] {logging_mixin.py:151} INFO - Merged data from file: test/yellow_tripdata_2022-04.parquet
[2024-06-17T17:01:57.794+0000] {logging_mixin.py:151} INFO - Transformed data from file: test/yellow_tripdata_2022-04.parquet
[2024-06-17T17:01:59.894+0000] {logging_mixin.py:151} INFO - Finished transforming data in file: test/yellow_tripdata_2022-04.parquet
[2024-06-17T17:01:59.895+0000] {logging_mixin.py:151} INFO - ==========================================================================================
[2024-06-17T17:01:59.895+0000] {logging_mixin.py:151} INFO - Reading parquet file: test/yellow_tripdata_2022-05.parquet
[2024-06-17T17:02:00.591+0000] {logging_mixin.py:151} INFO - Dropped column store_and_fwd_flag from file: test/yellow_tripdata_2022-05.parquet
[2024-06-17T17:02:05.540+0000] {logging_mixin.py:151} INFO - Merged data from file: test/yellow_tripdata_2022-05.parquet
[2024-06-17T17:02:05.853+0000] {logging_mixin.py:151} INFO - Transformed data from file: test/yellow_tripdata_2022-05.parquet
[2024-06-17T17:02:08.107+0000] {logging_mixin.py:151} INFO - Finished transforming data in file: test/yellow_tripdata_2022-05.parquet
[2024-06-17T17:02:08.107+0000] {logging_mixin.py:151} INFO - ==========================================================================================
[2024-06-17T17:02:08.108+0000] {logging_mixin.py:151} INFO - Reading parquet file: test/yellow_tripdata_2022-06.parquet
[2024-06-17T17:02:08.744+0000] {logging_mixin.py:151} INFO - Dropped column store_and_fwd_flag from file: test/yellow_tripdata_2022-06.parquet
[2024-06-17T17:02:12.540+0000] {local_task_job_runner.py:228} INFO - Task exited with return code -9
[2024-06-17T17:02:13.044+0000] {taskinstance.py:2776} INFO - 0 downstream tasks scheduled from follow-on schedule check
