[2024-06-20T17:58:24.122+0000] {taskinstance.py:1157} INFO - Dependencies all met for dep_context=non-requeueable deps ti=<TaskInstance: elt_pipeline.transform manual__2024-06-20T17:50:33.625198+00:00 [queued]>
[2024-06-20T17:58:24.130+0000] {taskinstance.py:1157} INFO - Dependencies all met for dep_context=requeueable deps ti=<TaskInstance: elt_pipeline.transform manual__2024-06-20T17:50:33.625198+00:00 [queued]>
[2024-06-20T17:58:24.130+0000] {taskinstance.py:1359} INFO - Starting attempt 2 of 2
[2024-06-20T17:58:24.143+0000] {taskinstance.py:1380} INFO - Executing <Task(PythonOperator): transform> on 2024-06-20 17:50:33.625198+00:00
[2024-06-20T17:58:24.150+0000] {standard_task_runner.py:57} INFO - Started process 861 to run task
[2024-06-20T17:58:24.156+0000] {standard_task_runner.py:84} INFO - Running: ['***', 'tasks', 'run', 'elt_pipeline', 'transform', 'manual__2024-06-20T17:50:33.625198+00:00', '--job-id', '377', '--raw', '--subdir', 'DAGS_FOLDER/elt_pipeline_dag.py', '--cfg-path', '/tmp/tmpm7nxc8sx']
[2024-06-20T17:58:24.160+0000] {standard_task_runner.py:85} INFO - Job 377: Subtask transform
[2024-06-20T17:58:24.221+0000] {task_command.py:415} INFO - Running <TaskInstance: elt_pipeline.transform manual__2024-06-20T17:50:33.625198+00:00 [running]> on host 40214f1a5465
[2024-06-20T17:58:24.302+0000] {taskinstance.py:1660} INFO - Exporting env vars: AIRFLOW_CTX_DAG_EMAIL='admin@localhost.com' AIRFLOW_CTX_DAG_OWNER='t.nhatnguyen' AIRFLOW_CTX_DAG_ID='elt_pipeline' AIRFLOW_CTX_TASK_ID='transform' AIRFLOW_CTX_EXECUTION_DATE='2024-06-20T17:50:33.625198+00:00' AIRFLOW_CTX_TRY_NUMBER='2' AIRFLOW_CTX_DAG_RUN_ID='manual__2024-06-20T17:50:33.625198+00:00'
[2024-06-20T17:58:24.709+0000] {logging_mixin.py:151} INFO - Bucket processed already exists, skip creating!
[2024-06-20T17:58:24.711+0000] {logging_mixin.py:151} INFO - Reading parquet file: yellow_tripdata_2022-05.parquet
[2024-06-20T17:58:25.170+0000] {logging_mixin.py:151} INFO - Column store_and_fwd_flag not found in file: yellow_tripdata_2022-05.parquet
[2024-06-20T17:58:25.177+0000] {logging_mixin.py:151} INFO - Merged data from file: yellow_tripdata_2022-05.parquet
[2024-06-20T17:58:25.648+0000] {logging_mixin.py:151} INFO - Transformed data from file: yellow_tripdata_2022-05.parquet
[2024-06-20T17:58:27.826+0000] {logging_mixin.py:151} INFO - Finished transforming data in file: s3://processed/batch/yellow_tripdata_2022-05.parquet
[2024-06-20T17:58:27.826+0000] {logging_mixin.py:151} INFO - ==========================================================================================
[2024-06-20T17:58:32.831+0000] {logging_mixin.py:151} INFO - Reading parquet file: yellow_tripdata_2022-12.parquet
[2024-06-20T17:58:33.204+0000] {logging_mixin.py:151} INFO - Column store_and_fwd_flag not found in file: yellow_tripdata_2022-12.parquet
[2024-06-20T17:58:33.206+0000] {logging_mixin.py:151} INFO - Merged data from file: yellow_tripdata_2022-12.parquet
[2024-06-20T17:58:33.584+0000] {logging_mixin.py:151} INFO - Transformed data from file: yellow_tripdata_2022-12.parquet
[2024-06-20T17:58:35.539+0000] {logging_mixin.py:151} INFO - Finished transforming data in file: s3://processed/batch/yellow_tripdata_2022-12.parquet
[2024-06-20T17:58:35.539+0000] {logging_mixin.py:151} INFO - ==========================================================================================
[2024-06-20T17:58:40.544+0000] {logging_mixin.py:151} INFO - Reading parquet file: yellow_tripdata_2022-09.parquet
[2024-06-20T17:58:40.877+0000] {logging_mixin.py:151} INFO - Column store_and_fwd_flag not found in file: yellow_tripdata_2022-09.parquet
[2024-06-20T17:58:40.879+0000] {logging_mixin.py:151} INFO - Merged data from file: yellow_tripdata_2022-09.parquet
[2024-06-20T17:58:41.272+0000] {logging_mixin.py:151} INFO - Transformed data from file: yellow_tripdata_2022-09.parquet
[2024-06-20T17:58:43.169+0000] {logging_mixin.py:151} INFO - Finished transforming data in file: s3://processed/batch/yellow_tripdata_2022-09.parquet
[2024-06-20T17:58:43.170+0000] {logging_mixin.py:151} INFO - ==========================================================================================
[2024-06-20T17:58:48.174+0000] {logging_mixin.py:151} INFO - Reading parquet file: green_tripdata_2022-10.parquet
[2024-06-20T17:58:48.193+0000] {logging_mixin.py:151} INFO - Column store_and_fwd_flag not found in file: green_tripdata_2022-10.parquet
[2024-06-20T17:58:48.196+0000] {logging_mixin.py:151} INFO - Merged data from file: green_tripdata_2022-10.parquet
[2024-06-20T17:58:48.207+0000] {logging_mixin.py:151} INFO - Transformed data from file: green_tripdata_2022-10.parquet
[2024-06-20T17:58:48.259+0000] {logging_mixin.py:151} INFO - Finished transforming data in file: s3://processed/batch/green_tripdata_2022-10.parquet
[2024-06-20T17:58:48.260+0000] {logging_mixin.py:151} INFO - ==========================================================================================
[2024-06-20T17:58:53.262+0000] {logging_mixin.py:151} INFO - Reading parquet file: green_tripdata_2022-12.parquet
[2024-06-20T17:58:53.281+0000] {logging_mixin.py:151} INFO - Column store_and_fwd_flag not found in file: green_tripdata_2022-12.parquet
[2024-06-20T17:58:53.284+0000] {logging_mixin.py:151} INFO - Merged data from file: green_tripdata_2022-12.parquet
[2024-06-20T17:58:53.294+0000] {logging_mixin.py:151} INFO - Transformed data from file: green_tripdata_2022-12.parquet
[2024-06-20T17:58:53.357+0000] {logging_mixin.py:151} INFO - Finished transforming data in file: s3://processed/batch/green_tripdata_2022-12.parquet
[2024-06-20T17:58:53.357+0000] {logging_mixin.py:151} INFO - ==========================================================================================
[2024-06-20T17:58:58.362+0000] {logging_mixin.py:151} INFO - Reading parquet file: yellow_tripdata_2022-07.parquet
[2024-06-20T17:58:58.692+0000] {logging_mixin.py:151} INFO - Column store_and_fwd_flag not found in file: yellow_tripdata_2022-07.parquet
[2024-06-20T17:58:58.694+0000] {logging_mixin.py:151} INFO - Merged data from file: yellow_tripdata_2022-07.parquet
[2024-06-20T17:58:59.099+0000] {logging_mixin.py:151} INFO - Transformed data from file: yellow_tripdata_2022-07.parquet
[2024-06-20T17:59:00.942+0000] {logging_mixin.py:151} INFO - Finished transforming data in file: s3://processed/batch/yellow_tripdata_2022-07.parquet
[2024-06-20T17:59:00.942+0000] {logging_mixin.py:151} INFO - ==========================================================================================
[2024-06-20T17:59:05.946+0000] {logging_mixin.py:151} INFO - Reading parquet file: green_tripdata_2022-03.parquet
[2024-06-20T17:59:05.973+0000] {logging_mixin.py:151} INFO - Column store_and_fwd_flag not found in file: green_tripdata_2022-03.parquet
[2024-06-20T17:59:05.976+0000] {logging_mixin.py:151} INFO - Merged data from file: green_tripdata_2022-03.parquet
[2024-06-20T17:59:05.989+0000] {logging_mixin.py:151} INFO - Transformed data from file: green_tripdata_2022-03.parquet
[2024-06-20T17:59:06.074+0000] {logging_mixin.py:151} INFO - Finished transforming data in file: s3://processed/batch/green_tripdata_2022-03.parquet
[2024-06-20T17:59:06.074+0000] {logging_mixin.py:151} INFO - ==========================================================================================
[2024-06-20T17:59:11.078+0000] {logging_mixin.py:151} INFO - Reading parquet file: green_tripdata_2022-01.parquet
[2024-06-20T17:59:11.094+0000] {logging_mixin.py:151} INFO - Column store_and_fwd_flag not found in file: green_tripdata_2022-01.parquet
[2024-06-20T17:59:11.098+0000] {logging_mixin.py:151} INFO - Merged data from file: green_tripdata_2022-01.parquet
[2024-06-20T17:59:11.109+0000] {logging_mixin.py:151} INFO - Transformed data from file: green_tripdata_2022-01.parquet
[2024-06-20T17:59:11.191+0000] {logging_mixin.py:151} INFO - Finished transforming data in file: s3://processed/batch/green_tripdata_2022-01.parquet
[2024-06-20T17:59:11.191+0000] {logging_mixin.py:151} INFO - ==========================================================================================
[2024-06-20T17:59:16.194+0000] {logging_mixin.py:151} INFO - Reading parquet file: green_tripdata_2022-05.parquet
[2024-06-20T17:59:16.215+0000] {logging_mixin.py:151} INFO - Column store_and_fwd_flag not found in file: green_tripdata_2022-05.parquet
[2024-06-20T17:59:16.217+0000] {logging_mixin.py:151} INFO - Merged data from file: green_tripdata_2022-05.parquet
[2024-06-20T17:59:16.225+0000] {logging_mixin.py:151} INFO - Transformed data from file: green_tripdata_2022-05.parquet
[2024-06-20T17:59:16.313+0000] {logging_mixin.py:151} INFO - Finished transforming data in file: s3://processed/batch/green_tripdata_2022-05.parquet
[2024-06-20T17:59:16.313+0000] {logging_mixin.py:151} INFO - ==========================================================================================
[2024-06-20T17:59:21.318+0000] {logging_mixin.py:151} INFO - Reading parquet file: green_tripdata_2022-08.parquet
[2024-06-20T17:59:21.340+0000] {logging_mixin.py:151} INFO - Column store_and_fwd_flag not found in file: green_tripdata_2022-08.parquet
[2024-06-20T17:59:21.343+0000] {logging_mixin.py:151} INFO - Merged data from file: green_tripdata_2022-08.parquet
[2024-06-20T17:59:21.354+0000] {logging_mixin.py:151} INFO - Transformed data from file: green_tripdata_2022-08.parquet
[2024-06-20T17:59:21.449+0000] {logging_mixin.py:151} INFO - Finished transforming data in file: s3://processed/batch/green_tripdata_2022-08.parquet
[2024-06-20T17:59:21.450+0000] {logging_mixin.py:151} INFO - ==========================================================================================
[2024-06-20T17:59:26.454+0000] {logging_mixin.py:151} INFO - Reading parquet file: green_tripdata_2022-07.parquet
[2024-06-20T17:59:26.474+0000] {logging_mixin.py:151} INFO - Column store_and_fwd_flag not found in file: green_tripdata_2022-07.parquet
[2024-06-20T17:59:26.477+0000] {logging_mixin.py:151} INFO - Merged data from file: green_tripdata_2022-07.parquet
[2024-06-20T17:59:26.489+0000] {logging_mixin.py:151} INFO - Transformed data from file: green_tripdata_2022-07.parquet
[2024-06-20T17:59:26.587+0000] {logging_mixin.py:151} INFO - Finished transforming data in file: s3://processed/batch/green_tripdata_2022-07.parquet
[2024-06-20T17:59:26.587+0000] {logging_mixin.py:151} INFO - ==========================================================================================
[2024-06-20T17:59:31.590+0000] {logging_mixin.py:151} INFO - Reading parquet file: green_tripdata_2022-04.parquet
[2024-06-20T17:59:31.614+0000] {logging_mixin.py:151} INFO - Column store_and_fwd_flag not found in file: green_tripdata_2022-04.parquet
[2024-06-20T17:59:31.617+0000] {logging_mixin.py:151} INFO - Merged data from file: green_tripdata_2022-04.parquet
[2024-06-20T17:59:31.630+0000] {logging_mixin.py:151} INFO - Transformed data from file: green_tripdata_2022-04.parquet
[2024-06-20T17:59:31.720+0000] {logging_mixin.py:151} INFO - Finished transforming data in file: s3://processed/batch/green_tripdata_2022-04.parquet
[2024-06-20T17:59:31.721+0000] {logging_mixin.py:151} INFO - ==========================================================================================
[2024-06-20T17:59:36.726+0000] {logging_mixin.py:151} INFO - Reading parquet file: green_tripdata_2022-06.parquet
[2024-06-20T17:59:36.749+0000] {logging_mixin.py:151} INFO - Column store_and_fwd_flag not found in file: green_tripdata_2022-06.parquet
[2024-06-20T17:59:36.753+0000] {logging_mixin.py:151} INFO - Merged data from file: green_tripdata_2022-06.parquet
[2024-06-20T17:59:36.765+0000] {logging_mixin.py:151} INFO - Transformed data from file: green_tripdata_2022-06.parquet
[2024-06-20T17:59:36.857+0000] {logging_mixin.py:151} INFO - Finished transforming data in file: s3://processed/batch/green_tripdata_2022-06.parquet
[2024-06-20T17:59:36.857+0000] {logging_mixin.py:151} INFO - ==========================================================================================
[2024-06-20T17:59:41.863+0000] {logging_mixin.py:151} INFO - Reading parquet file: yellow_tripdata_2022-01.parquet
[2024-06-20T17:59:42.127+0000] {logging_mixin.py:151} INFO - Column store_and_fwd_flag not found in file: yellow_tripdata_2022-01.parquet
[2024-06-20T17:59:42.129+0000] {logging_mixin.py:151} INFO - Merged data from file: yellow_tripdata_2022-01.parquet
[2024-06-20T17:59:42.404+0000] {logging_mixin.py:151} INFO - Transformed data from file: yellow_tripdata_2022-01.parquet
[2024-06-20T17:59:43.987+0000] {logging_mixin.py:151} INFO - Finished transforming data in file: s3://processed/batch/yellow_tripdata_2022-01.parquet
[2024-06-20T17:59:43.988+0000] {logging_mixin.py:151} INFO - ==========================================================================================
[2024-06-20T17:59:48.993+0000] {logging_mixin.py:151} INFO - Reading parquet file: yellow_tripdata_2022-03.parquet
[2024-06-20T17:59:49.414+0000] {logging_mixin.py:151} INFO - Column store_and_fwd_flag not found in file: yellow_tripdata_2022-03.parquet
[2024-06-20T17:59:49.416+0000] {logging_mixin.py:151} INFO - Merged data from file: yellow_tripdata_2022-03.parquet
[2024-06-20T17:59:50.336+0000] {logging_mixin.py:151} INFO - Transformed data from file: yellow_tripdata_2022-03.parquet
[2024-06-20T17:59:52.337+0000] {logging_mixin.py:151} INFO - Finished transforming data in file: s3://processed/batch/yellow_tripdata_2022-03.parquet
[2024-06-20T17:59:52.337+0000] {logging_mixin.py:151} INFO - ==========================================================================================
[2024-06-20T17:59:57.342+0000] {logging_mixin.py:151} INFO - Reading parquet file: green_tripdata_2022-02.parquet
[2024-06-20T17:59:57.407+0000] {logging_mixin.py:151} INFO - Column store_and_fwd_flag not found in file: green_tripdata_2022-02.parquet
[2024-06-20T17:59:57.411+0000] {logging_mixin.py:151} INFO - Merged data from file: green_tripdata_2022-02.parquet
[2024-06-20T17:59:57.422+0000] {logging_mixin.py:151} INFO - Transformed data from file: green_tripdata_2022-02.parquet
[2024-06-20T17:59:57.495+0000] {logging_mixin.py:151} INFO - Finished transforming data in file: s3://processed/batch/green_tripdata_2022-02.parquet
[2024-06-20T17:59:57.495+0000] {logging_mixin.py:151} INFO - ==========================================================================================
[2024-06-20T18:00:02.499+0000] {logging_mixin.py:151} INFO - Reading parquet file: green_tripdata_2022-09.parquet
[2024-06-20T18:00:02.523+0000] {logging_mixin.py:151} INFO - Column store_and_fwd_flag not found in file: green_tripdata_2022-09.parquet
[2024-06-20T18:00:02.525+0000] {logging_mixin.py:151} INFO - Merged data from file: green_tripdata_2022-09.parquet
[2024-06-20T18:00:02.532+0000] {logging_mixin.py:151} INFO - Transformed data from file: green_tripdata_2022-09.parquet
[2024-06-20T18:00:02.609+0000] {logging_mixin.py:151} INFO - Finished transforming data in file: s3://processed/batch/green_tripdata_2022-09.parquet
[2024-06-20T18:00:02.609+0000] {logging_mixin.py:151} INFO - ==========================================================================================
[2024-06-20T18:00:07.610+0000] {logging_mixin.py:151} INFO - Reading parquet file: yellow_tripdata_2022-11.parquet
[2024-06-20T18:00:07.957+0000] {logging_mixin.py:151} INFO - Column store_and_fwd_flag not found in file: yellow_tripdata_2022-11.parquet
[2024-06-20T18:00:07.960+0000] {logging_mixin.py:151} INFO - Merged data from file: yellow_tripdata_2022-11.parquet
[2024-06-20T18:00:08.767+0000] {logging_mixin.py:151} INFO - Transformed data from file: yellow_tripdata_2022-11.parquet
[2024-06-20T18:00:11.013+0000] {logging_mixin.py:151} INFO - Finished transforming data in file: s3://processed/batch/yellow_tripdata_2022-11.parquet
[2024-06-20T18:00:11.014+0000] {logging_mixin.py:151} INFO - ==========================================================================================
[2024-06-20T18:00:16.018+0000] {logging_mixin.py:151} INFO - Reading parquet file: yellow_tripdata_2022-06.parquet
[2024-06-20T18:00:16.417+0000] {logging_mixin.py:151} INFO - Column store_and_fwd_flag not found in file: yellow_tripdata_2022-06.parquet
[2024-06-20T18:00:16.421+0000] {logging_mixin.py:151} INFO - Merged data from file: yellow_tripdata_2022-06.parquet
[2024-06-20T18:00:17.653+0000] {logging_mixin.py:151} INFO - Transformed data from file: yellow_tripdata_2022-06.parquet
[2024-06-20T18:00:19.844+0000] {logging_mixin.py:151} INFO - Finished transforming data in file: s3://processed/batch/yellow_tripdata_2022-06.parquet
[2024-06-20T18:00:19.844+0000] {logging_mixin.py:151} INFO - ==========================================================================================
[2024-06-20T18:00:24.849+0000] {logging_mixin.py:151} INFO - Reading parquet file: yellow_tripdata_2022-08.parquet
[2024-06-20T18:00:25.204+0000] {logging_mixin.py:151} INFO - Column store_and_fwd_flag not found in file: yellow_tripdata_2022-08.parquet
[2024-06-20T18:00:25.208+0000] {logging_mixin.py:151} INFO - Merged data from file: yellow_tripdata_2022-08.parquet
[2024-06-20T18:00:26.057+0000] {logging_mixin.py:151} INFO - Transformed data from file: yellow_tripdata_2022-08.parquet
[2024-06-20T18:00:27.844+0000] {logging_mixin.py:151} INFO - Finished transforming data in file: s3://processed/batch/yellow_tripdata_2022-08.parquet
[2024-06-20T18:00:27.845+0000] {logging_mixin.py:151} INFO - ==========================================================================================
[2024-06-20T18:00:32.847+0000] {logging_mixin.py:151} INFO - Reading parquet file: yellow_tripdata_2022-04.parquet
[2024-06-20T18:00:33.347+0000] {logging_mixin.py:151} INFO - Column store_and_fwd_flag not found in file: yellow_tripdata_2022-04.parquet
[2024-06-20T18:00:33.364+0000] {logging_mixin.py:151} INFO - Merged data from file: yellow_tripdata_2022-04.parquet
[2024-06-20T18:00:35.986+0000] {local_task_job_runner.py:228} INFO - Task exited with return code -9
[2024-06-20T18:00:36.021+0000] {taskinstance.py:2776} INFO - 0 downstream tasks scheduled from follow-on schedule check
