[2024-06-18T08:28:33.691+0000] {taskinstance.py:1157} INFO - Dependencies all met for dep_context=non-requeueable deps ti=<TaskInstance: elt_pipeline.transform manual__2024-06-18T08:28:30.023243+00:00 [queued]>
[2024-06-18T08:28:33.699+0000] {taskinstance.py:1157} INFO - Dependencies all met for dep_context=requeueable deps ti=<TaskInstance: elt_pipeline.transform manual__2024-06-18T08:28:30.023243+00:00 [queued]>
[2024-06-18T08:28:33.699+0000] {taskinstance.py:1359} INFO - Starting attempt 1 of 2
[2024-06-18T08:28:33.710+0000] {taskinstance.py:1380} INFO - Executing <Task(PythonOperator): transform> on 2024-06-18 08:28:30.023243+00:00
[2024-06-18T08:28:33.717+0000] {standard_task_runner.py:57} INFO - Started process 698 to run task
[2024-06-18T08:28:33.721+0000] {standard_task_runner.py:84} INFO - Running: ['***', 'tasks', 'run', 'elt_pipeline', 'transform', 'manual__2024-06-18T08:28:30.023243+00:00', '--job-id', '277', '--raw', '--subdir', 'DAGS_FOLDER/elt_pipeline_dag.py', '--cfg-path', '/tmp/tmpapxqoahb']
[2024-06-18T08:28:33.723+0000] {standard_task_runner.py:85} INFO - Job 277: Subtask transform
[2024-06-18T08:28:33.781+0000] {task_command.py:415} INFO - Running <TaskInstance: elt_pipeline.transform manual__2024-06-18T08:28:30.023243+00:00 [running]> on host 5212e4a0c6a3
[2024-06-18T08:28:34.026+0000] {taskinstance.py:1660} INFO - Exporting env vars: AIRFLOW_CTX_DAG_EMAIL='admin@localhost.com' AIRFLOW_CTX_DAG_OWNER='t.nhatnguyen' AIRFLOW_CTX_DAG_ID='elt_pipeline' AIRFLOW_CTX_TASK_ID='transform' AIRFLOW_CTX_EXECUTION_DATE='2024-06-18T08:28:30.023243+00:00' AIRFLOW_CTX_TRY_NUMBER='1' AIRFLOW_CTX_DAG_RUN_ID='manual__2024-06-18T08:28:30.023243+00:00'
[2024-06-18T08:28:34.128+0000] {logging_mixin.py:151} INFO - {'endpoint': 'minio:9000', 'bucket_name': 'processed', 'folder_name': 'batch', 'access_key': 'minio_access_key', 'secret_key': 'minio_secret_key'}
[2024-06-18T08:28:34.209+0000] {logging_mixin.py:151} INFO - Reading parquet file: yellow_tripdata_2022-01.parquet
[2024-06-18T08:28:34.500+0000] {logging_mixin.py:151} INFO - Dropped column store_and_fwd_flag from file: yellow_tripdata_2022-01.parquet
[2024-06-18T08:28:37.811+0000] {logging_mixin.py:151} INFO - Merged data from file: yellow_tripdata_2022-01.parquet
[2024-06-18T08:28:38.172+0000] {logging_mixin.py:151} INFO - Transformed data from file: yellow_tripdata_2022-01.parquet
[2024-06-18T08:28:39.497+0000] {logging_mixin.py:151} INFO - Finished transforming data in file: s3://processed/batch/yellow_tripdata_2022-01.parquet
[2024-06-18T08:28:39.497+0000] {logging_mixin.py:151} INFO - ==========================================================================================
[2024-06-18T08:28:44.503+0000] {logging_mixin.py:151} INFO - Reading parquet file: yellow_tripdata_2022-03.parquet
[2024-06-18T08:28:44.918+0000] {logging_mixin.py:151} INFO - Dropped column store_and_fwd_flag from file: yellow_tripdata_2022-03.parquet
[2024-06-18T08:28:51.740+0000] {logging_mixin.py:151} INFO - Merged data from file: yellow_tripdata_2022-03.parquet
[2024-06-18T08:28:52.274+0000] {logging_mixin.py:151} INFO - Transformed data from file: yellow_tripdata_2022-03.parquet
[2024-06-18T08:28:54.472+0000] {logging_mixin.py:151} INFO - Finished transforming data in file: s3://processed/batch/yellow_tripdata_2022-03.parquet
[2024-06-18T08:28:54.472+0000] {logging_mixin.py:151} INFO - ==========================================================================================
[2024-06-18T08:28:59.475+0000] {logging_mixin.py:151} INFO - Reading parquet file: yellow_tripdata_2022-02.parquet
[2024-06-18T08:28:59.868+0000] {logging_mixin.py:151} INFO - Dropped column store_and_fwd_flag from file: yellow_tripdata_2022-02.parquet
[2024-06-18T08:29:02.914+0000] {logging_mixin.py:151} INFO - Merged data from file: yellow_tripdata_2022-02.parquet
[2024-06-18T08:29:03.240+0000] {logging_mixin.py:151} INFO - Transformed data from file: yellow_tripdata_2022-02.parquet
[2024-06-18T08:29:04.971+0000] {logging_mixin.py:151} INFO - Finished transforming data in file: s3://processed/batch/yellow_tripdata_2022-02.parquet
[2024-06-18T08:29:04.971+0000] {logging_mixin.py:151} INFO - ==========================================================================================
[2024-06-18T08:29:09.988+0000] {python.py:194} INFO - Done. Returned value was: None
[2024-06-18T08:29:10.006+0000] {taskinstance.py:1398} INFO - Marking task as SUCCESS. dag_id=elt_pipeline, task_id=transform, execution_date=20240618T082830, start_date=20240618T082833, end_date=20240618T082910
[2024-06-18T08:29:10.290+0000] {local_task_job_runner.py:228} INFO - Task exited with return code 0
[2024-06-18T08:29:10.318+0000] {taskinstance.py:2776} INFO - 0 downstream tasks scheduled from follow-on schedule check
