[2024-06-17T17:16:43.074+0000] {taskinstance.py:1157} INFO - Dependencies all met for dep_context=non-requeueable deps ti=<TaskInstance: elt_pipeline.extract_load manual__2024-06-17T17:16:41.079493+00:00 [queued]>
[2024-06-17T17:16:43.091+0000] {taskinstance.py:1157} INFO - Dependencies all met for dep_context=requeueable deps ti=<TaskInstance: elt_pipeline.extract_load manual__2024-06-17T17:16:41.079493+00:00 [queued]>
[2024-06-17T17:16:43.091+0000] {taskinstance.py:1359} INFO - Starting attempt 1 of 2
[2024-06-17T17:16:43.112+0000] {taskinstance.py:1380} INFO - Executing <Task(PythonOperator): extract_load> on 2024-06-17 17:16:41.079493+00:00
[2024-06-17T17:16:43.123+0000] {standard_task_runner.py:57} INFO - Started process 81 to run task
[2024-06-17T17:16:43.128+0000] {standard_task_runner.py:84} INFO - Running: ['***', 'tasks', 'run', 'elt_pipeline', 'extract_load', 'manual__2024-06-17T17:16:41.079493+00:00', '--job-id', '256', '--raw', '--subdir', 'DAGS_FOLDER/elt_pipeline_dag.py', '--cfg-path', '/tmp/tmpqe4tfbny']
[2024-06-17T17:16:43.133+0000] {standard_task_runner.py:85} INFO - Job 256: Subtask extract_load
[2024-06-17T17:16:43.181+0000] {task_command.py:415} INFO - Running <TaskInstance: elt_pipeline.extract_load manual__2024-06-17T17:16:41.079493+00:00 [running]> on host bf1afdb2f840
[2024-06-17T17:16:43.415+0000] {taskinstance.py:1660} INFO - Exporting env vars: AIRFLOW_CTX_DAG_EMAIL='admin@localhost.com' AIRFLOW_CTX_DAG_OWNER='t.nhatnguyen' AIRFLOW_CTX_DAG_ID='elt_pipeline' AIRFLOW_CTX_TASK_ID='extract_load' AIRFLOW_CTX_EXECUTION_DATE='2024-06-17T17:16:41.079493+00:00' AIRFLOW_CTX_TRY_NUMBER='1' AIRFLOW_CTX_DAG_RUN_ID='manual__2024-06-17T17:16:41.079493+00:00'
[2024-06-17T17:16:43.418+0000] {logging_mixin.py:151} INFO - {'endpoint': 'minio:9000', 'bucket_name': 'delta', 'folder_name': 'test', 'access_key': 'minio_access_key', 'secret_key': 'minio_secret_key'}
[2024-06-17T17:16:43.425+0000] {logging_mixin.py:151} INFO - Uploading data/2022/yellow_tripdata_2022-05.parquet
[2024-06-17T17:16:43.715+0000] {logging_mixin.py:151} INFO - Uploading data/2022/yellow_tripdata_2022-12.parquet
[2024-06-17T17:16:43.965+0000] {logging_mixin.py:151} INFO - Uploading data/2022/yellow_tripdata_2022-09.parquet
[2024-06-17T17:16:44.196+0000] {logging_mixin.py:151} INFO - Uploading data/2022/green_tripdata_2022-10.parquet
[2024-06-17T17:16:44.215+0000] {logging_mixin.py:151} INFO - Uploading data/2022/green_tripdata_2022-12.parquet
[2024-06-17T17:16:44.241+0000] {logging_mixin.py:151} INFO - Uploading data/2022/yellow_tripdata_2022-07.parquet
[2024-06-17T17:16:44.539+0000] {logging_mixin.py:151} INFO - Uploading data/2022/green_tripdata_2022-03.parquet
[2024-06-17T17:16:44.562+0000] {logging_mixin.py:151} INFO - Uploading data/2022/green_tripdata_2022-01.parquet
[2024-06-17T17:16:44.579+0000] {logging_mixin.py:151} INFO - Uploading data/2022/green_tripdata_2022-05.parquet
[2024-06-17T17:16:44.602+0000] {logging_mixin.py:151} INFO - Uploading data/2022/green_tripdata_2022-08.parquet
[2024-06-17T17:16:44.624+0000] {logging_mixin.py:151} INFO - Uploading data/2022/green_tripdata_2022-07.parquet
[2024-06-17T17:16:44.643+0000] {logging_mixin.py:151} INFO - Uploading data/2022/green_tripdata_2022-04.parquet
[2024-06-17T17:16:44.662+0000] {logging_mixin.py:151} INFO - Uploading data/2022/green_tripdata_2022-06.parquet
[2024-06-17T17:16:44.682+0000] {logging_mixin.py:151} INFO - Uploading data/2022/yellow_tripdata_2022-01.parquet
[2024-06-17T17:16:44.864+0000] {logging_mixin.py:151} INFO - Uploading data/2022/yellow_tripdata_2022-03.parquet
[2024-06-17T17:16:45.143+0000] {logging_mixin.py:151} INFO - Uploading data/2022/green_tripdata_2022-02.parquet
[2024-06-17T17:16:45.200+0000] {logging_mixin.py:151} INFO - Uploading data/2022/green_tripdata_2022-09.parquet
[2024-06-17T17:16:45.232+0000] {logging_mixin.py:151} INFO - Uploading data/2022/yellow_tripdata_2022-11.parquet
[2024-06-17T17:16:45.465+0000] {logging_mixin.py:151} INFO - Uploading data/2022/yellow_tripdata_2022-06.parquet
[2024-06-17T17:16:45.754+0000] {logging_mixin.py:151} INFO - Uploading data/2022/yellow_tripdata_2022-08.parquet
[2024-06-17T17:16:45.986+0000] {logging_mixin.py:151} INFO - Uploading data/2022/yellow_tripdata_2022-04.parquet
[2024-06-17T17:16:46.262+0000] {logging_mixin.py:151} INFO - Uploading data/2022/yellow_tripdata_2022-10.parquet
[2024-06-17T17:16:46.527+0000] {logging_mixin.py:151} INFO - Uploading data/2022/yellow_tripdata_2022-02.parquet
[2024-06-17T17:16:46.738+0000] {logging_mixin.py:151} INFO - Uploading data/2022/green_tripdata_2022-11.parquet
[2024-06-17T17:16:46.756+0000] {python.py:194} INFO - Done. Returned value was: None
[2024-06-17T17:16:46.770+0000] {taskinstance.py:1398} INFO - Marking task as SUCCESS. dag_id=elt_pipeline, task_id=extract_load, execution_date=20240617T171641, start_date=20240617T171643, end_date=20240617T171646
[2024-06-17T17:16:46.830+0000] {local_task_job_runner.py:228} INFO - Task exited with return code 0
[2024-06-17T17:16:46.855+0000] {taskinstance.py:2776} INFO - 1 downstream tasks scheduled from follow-on schedule check
