[2024-06-17T17:37:56.117+0000] {taskinstance.py:1157} INFO - Dependencies all met for dep_context=non-requeueable deps ti=<TaskInstance: elt_pipeline.transform manual__2024-06-17T17:16:41.079493+00:00 [queued]>
[2024-06-17T17:37:56.126+0000] {taskinstance.py:1157} INFO - Dependencies all met for dep_context=requeueable deps ti=<TaskInstance: elt_pipeline.transform manual__2024-06-17T17:16:41.079493+00:00 [queued]>
[2024-06-17T17:37:56.126+0000] {taskinstance.py:1359} INFO - Starting attempt 2 of 2
[2024-06-17T17:37:56.137+0000] {taskinstance.py:1380} INFO - Executing <Task(PythonOperator): transform> on 2024-06-17 17:16:41.079493+00:00
[2024-06-17T17:37:56.144+0000] {standard_task_runner.py:57} INFO - Started process 623 to run task
[2024-06-17T17:37:56.148+0000] {standard_task_runner.py:84} INFO - Running: ['***', 'tasks', 'run', 'elt_pipeline', 'transform', 'manual__2024-06-17T17:16:41.079493+00:00', '--job-id', '260', '--raw', '--subdir', 'DAGS_FOLDER/elt_pipeline_dag.py', '--cfg-path', '/tmp/tmpoiyhdaa_']
[2024-06-17T17:37:56.153+0000] {standard_task_runner.py:85} INFO - Job 260: Subtask transform
[2024-06-17T17:37:56.225+0000] {task_command.py:415} INFO - Running <TaskInstance: elt_pipeline.transform manual__2024-06-17T17:16:41.079493+00:00 [running]> on host bf1afdb2f840
[2024-06-17T17:37:56.515+0000] {taskinstance.py:1660} INFO - Exporting env vars: AIRFLOW_CTX_DAG_EMAIL='admin@localhost.com' AIRFLOW_CTX_DAG_OWNER='t.nhatnguyen' AIRFLOW_CTX_DAG_ID='elt_pipeline' AIRFLOW_CTX_TASK_ID='transform' AIRFLOW_CTX_EXECUTION_DATE='2024-06-17T17:16:41.079493+00:00' AIRFLOW_CTX_TRY_NUMBER='2' AIRFLOW_CTX_DAG_RUN_ID='manual__2024-06-17T17:16:41.079493+00:00'
[2024-06-17T17:37:57.069+0000] {logging_mixin.py:151} INFO - {'endpoint': 'minio:9000', 'bucket_name': 'delta', 'folder_name': 'test', 'access_key': 'minio_access_key', 'secret_key': 'minio_secret_key'}
[2024-06-17T17:37:57.736+0000] {logging_mixin.py:151} INFO - Reading parquet file: data/2022/yellow_tripdata_2022-05.parquet
[2024-06-17T17:37:57.736+0000] {logging_mixin.py:151} INFO - Reading parquet file: data/2022/yellow_tripdata_2022-12.parquet
[2024-06-17T17:37:57.736+0000] {logging_mixin.py:151} INFO - Reading parquet file: data/2022/yellow_tripdata_2022-09.parquet
[2024-06-17T17:37:57.736+0000] {logging_mixin.py:151} INFO - Reading parquet file: data/2022/green_tripdata_2022-10.parquet
[2024-06-17T17:37:57.736+0000] {logging_mixin.py:151} INFO - Reading parquet file: data/2022/green_tripdata_2022-12.parquet
[2024-06-17T17:37:57.737+0000] {logging_mixin.py:151} INFO - Reading parquet file: data/2022/yellow_tripdata_2022-07.parquet
[2024-06-17T17:37:57.737+0000] {logging_mixin.py:151} INFO - Reading parquet file: data/2022/green_tripdata_2022-03.parquet
[2024-06-17T17:37:57.737+0000] {logging_mixin.py:151} INFO - Reading parquet file: data/2022/green_tripdata_2022-01.parquet
[2024-06-17T17:37:57.737+0000] {logging_mixin.py:151} INFO - Reading parquet file: data/2022/green_tripdata_2022-05.parquet
[2024-06-17T17:37:57.737+0000] {logging_mixin.py:151} INFO - Reading parquet file: data/2022/green_tripdata_2022-08.parquet
[2024-06-17T17:37:57.737+0000] {logging_mixin.py:151} INFO - Reading parquet file: data/2022/green_tripdata_2022-07.parquet
[2024-06-17T17:37:57.737+0000] {logging_mixin.py:151} INFO - Reading parquet file: data/2022/green_tripdata_2022-04.parquet
[2024-06-17T17:37:57.737+0000] {logging_mixin.py:151} INFO - Reading parquet file: data/2022/green_tripdata_2022-06.parquet
[2024-06-17T17:37:57.737+0000] {logging_mixin.py:151} INFO - Reading parquet file: data/2022/yellow_tripdata_2022-01.parquet
[2024-06-17T17:37:57.737+0000] {logging_mixin.py:151} INFO - Reading parquet file: data/2022/yellow_tripdata_2022-03.parquet
[2024-06-17T17:37:57.737+0000] {logging_mixin.py:151} INFO - Reading parquet file: data/2022/green_tripdata_2022-02.parquet
[2024-06-17T17:37:57.737+0000] {logging_mixin.py:151} INFO - Reading parquet file: data/2022/green_tripdata_2022-09.parquet
[2024-06-17T17:37:57.738+0000] {logging_mixin.py:151} INFO - Reading parquet file: data/2022/yellow_tripdata_2022-11.parquet
[2024-06-17T17:37:57.738+0000] {logging_mixin.py:151} INFO - Reading parquet file: data/2022/yellow_tripdata_2022-06.parquet
[2024-06-17T17:37:57.738+0000] {logging_mixin.py:151} INFO - Reading parquet file: data/2022/yellow_tripdata_2022-08.parquet
[2024-06-17T17:37:57.738+0000] {logging_mixin.py:151} INFO - Reading parquet file: data/2022/yellow_tripdata_2022-04.parquet
[2024-06-17T17:37:57.738+0000] {logging_mixin.py:151} INFO - Reading parquet file: data/2022/yellow_tripdata_2022-10.parquet
[2024-06-17T17:37:57.738+0000] {logging_mixin.py:151} INFO - Reading parquet file: data/2022/yellow_tripdata_2022-02.parquet
[2024-06-17T17:37:57.738+0000] {logging_mixin.py:151} INFO - Reading parquet file: data/2022/green_tripdata_2022-11.parquet
[2024-06-17T17:37:57.738+0000] {python.py:194} INFO - Done. Returned value was: None
[2024-06-17T17:37:57.747+0000] {taskinstance.py:1398} INFO - Marking task as SUCCESS. dag_id=elt_pipeline, task_id=transform, execution_date=20240617T171641, start_date=20240617T173756, end_date=20240617T173757
[2024-06-17T17:37:57.805+0000] {local_task_job_runner.py:228} INFO - Task exited with return code 0
[2024-06-17T17:37:57.820+0000] {taskinstance.py:2776} INFO - 0 downstream tasks scheduled from follow-on schedule check
